#
# There is insufficient memory for the Java Runtime Environment to continue.
# Native memory allocation (malloc) failed to allocate 2393936 bytes for Chunk::new
# Possible reasons:
#   The system is out of physical RAM or swap space
#   The process is running with CompressedOops enabled, and the Java Heap may be blocking the growth of the native heap
# Possible solutions:
#   Reduce memory load on the system
#   Increase physical memory or swap space
#   Check if swap backing store is full
#   Decrease Java heap size (-Xmx/-Xms)
#   Decrease number of Java threads
#   Decrease Java thread stack sizes (-Xss)
#   Set larger code cache with -XX:ReservedCodeCacheSize=
#   JVM is running with Zero Based Compressed Oops mode in which the Java heap is
#     placed in the first 32GB address space. The Java Heap base address is the
#     maximum limit for the native heap growth. Please use -XX:HeapBaseMinAddress
#     to set the Java Heap base and to place the Java Heap above 32GB virtual address.
# This output file may be truncated or incomplete.
#
#  Out of Memory Error (arena.cpp:195), pid=19932, tid=20220
#
# JRE version: Java(TM) SE Runtime Environment (16.0.1+9) (build 16.0.1+9-24)
# Java VM: Java HotSpot(TM) 64-Bit Server VM (16.0.1+9-24, mixed mode, sharing, tiered, compressed oops, compressed class ptrs, g1 gc, windows-amd64)
# No core dump will be written. Minidumps are not enabled by default on client versions of Windows
#

---------------  S U M M A R Y ------------

Command Line: -javaagent:C:\Users\margo\eclipse\jee-2021-03\eclipse\configuration\org.eclipse.osgi\897\0\.cp\jacocoagent.jar=includes=*,excludes=,exclclassloader=sun.reflect.DelegatingClassLoader,output=tcpclient,port=61066 -ea -Dfile.encoding=UTF-8 -XX:+ShowCodeDetailsInExceptionMessages org.eclipse.jdt.internal.junit.runner.RemoteTestRunner -version 3 -port 61067 -testLoaderClass org.eclipse.jdt.internal.junit5.runner.JUnit5TestLoader -loaderpluginname org.eclipse.jdt.junit5.runtime -classNames com.prekes.web.prekesweb.service.PrekeServiceTest

Host: Intel(R) Core(TM) i7-4702MQ CPU @ 2.20GHz, 8 cores, 9G,  Windows 10 , 64 bit Build 19041 (10.0.19041.1202)
Time: Wed Sep 29 11:08:19 2021 FLE Daylight Time elapsed time: 1.271615 seconds (0d 0h 0m 1s)

---------------  T H R E A D  ---------------

Current thread (0x00000161efd683d0):  JavaThread "C2 CompilerThread1" daemon [_thread_in_native, id=20220, stack(0x0000000f0f700000,0x0000000f0f800000)]


Current CompileTask:
C2:   1271 1288       4       org.jacoco.agent.rt.internal_f3994fa.asm.ClassReader::readCode (5089 bytes)

Stack: [0x0000000f0f700000,0x0000000f0f800000]
Native frames: (J=compiled Java code, j=interpreted, Vv=VM code, C=native code)
V  [jvm.dll+0x6687ca]
V  [jvm.dll+0x7ca3c9]
V  [jvm.dll+0x7cbb53]
V  [jvm.dll+0x7cc1b3]
V  [jvm.dll+0x242ea5]
V  [jvm.dll+0xadeca]
V  [jvm.dll+0xae5ac]
V  [jvm.dll+0x35aed2]
V  [jvm.dll+0x3253d1]
V  [jvm.dll+0x32487a]
V  [jvm.dll+0x215f3c]
V  [jvm.dll+0x215350]
V  [jvm.dll+0x1a1d9b]
V  [jvm.dll+0x2253a8]
V  [jvm.dll+0x2233ec]
V  [jvm.dll+0x780002]
V  [jvm.dll+0x779b4a]
V  [jvm.dll+0x667666]
C  [ucrtbase.dll+0x21bb2]
C  [KERNEL32.DLL+0x17034]
C  [ntdll.dll+0x52651]


---------------  P R O C E S S  ---------------

Threads class SMR info:
_java_thread_list=0x00000161f105a8e0, length=16, elements={
0x00000161cfdb72d0, 0x00000161ef054560, 0x00000161ef057340, 0x00000161ef062100,
0x00000161ef062c10, 0x00000161ef066540, 0x00000161ef06b790, 0x00000161ef076f40,
0x00000161ef0788a0, 0x00000161ef0855f0, 0x00000161ef06bce0, 0x00000161efd683d0,
0x00000161ef06b240, 0x00000161ef06c230, 0x00000161ef06ccd0, 0x00000161f14b8390
}

Java Threads: ( => current thread )
  0x00000161cfdb72d0 JavaThread "main" [_thread_in_Java, id=15056, stack(0x0000000f0e600000,0x0000000f0e700000)]
  0x00000161ef054560 JavaThread "Reference Handler" daemon [_thread_blocked, id=12492, stack(0x0000000f0ed00000,0x0000000f0ee00000)]
  0x00000161ef057340 JavaThread "Finalizer" daemon [_thread_blocked, id=7896, stack(0x0000000f0ee00000,0x0000000f0ef00000)]
  0x00000161ef062100 JavaThread "Signal Dispatcher" daemon [_thread_blocked, id=19720, stack(0x0000000f0ef00000,0x0000000f0f000000)]
  0x00000161ef062c10 JavaThread "Attach Listener" daemon [_thread_blocked, id=15860, stack(0x0000000f0f000000,0x0000000f0f100000)]
  0x00000161ef066540 JavaThread "Service Thread" daemon [_thread_blocked, id=10964, stack(0x0000000f0f100000,0x0000000f0f200000)]
  0x00000161ef06b790 JavaThread "Monitor Deflation Thread" daemon [_thread_blocked, id=11968, stack(0x0000000f0f200000,0x0000000f0f300000)]
  0x00000161ef076f40 JavaThread "C2 CompilerThread0" daemon [_thread_in_native, id=21428, stack(0x0000000f0f300000,0x0000000f0f400000)]
  0x00000161ef0788a0 JavaThread "C1 CompilerThread0" daemon [_thread_blocked, id=14552, stack(0x0000000f0f400000,0x0000000f0f500000)]
  0x00000161ef0855f0 JavaThread "Sweeper thread" daemon [_thread_blocked, id=12668, stack(0x0000000f0f500000,0x0000000f0f600000)]
  0x00000161ef06bce0 JavaThread "Common-Cleaner" daemon [_thread_blocked, id=1444, stack(0x0000000f0f600000,0x0000000f0f700000)]
=>0x00000161efd683d0 JavaThread "C2 CompilerThread1" daemon [_thread_in_native, id=20220, stack(0x0000000f0f700000,0x0000000f0f800000)]
  0x00000161ef06b240 JavaThread "org.jacoco.agent.rt.internal_f3994fa.output.TcpClientOutput" daemon [_thread_in_native, id=7644, stack(0x0000000f0f800000,0x0000000f0f900000)]
  0x00000161ef06c230 JavaThread "Notification Thread" daemon [_thread_blocked, id=16972, stack(0x0000000f0f900000,0x0000000f0fa00000)]
  0x00000161ef06ccd0 JavaThread "ReaderThread" [_thread_in_native, id=712, stack(0x0000000f0fb00000,0x0000000f0fc00000)]
  0x00000161f14b8390 JavaThread "C2 CompilerThread2" daemon [_thread_in_native, id=16556, stack(0x0000000f10200000,0x0000000f10300000)]

Other Threads:
  0x00000161ef051a10 VMThread "VM Thread" [stack: 0x0000000f0ec00000,0x0000000f0ed00000] [id=9424]
  0x00000161f02878f0 WatcherThread [stack: 0x0000000f0fa00000,0x0000000f0fb00000] [id=7580]
  0x00000161cfdf6760 GCTaskThread "GC Thread#0" [stack: 0x0000000f0e700000,0x0000000f0e800000] [id=16540]
  0x00000161f022d1a0 GCTaskThread "GC Thread#1" [stack: 0x0000000f0fc00000,0x0000000f0fd00000] [id=484]
  0x00000161f022d4b0 GCTaskThread "GC Thread#2" [stack: 0x0000000f0fd00000,0x0000000f0fe00000] [id=19112]
  0x00000161f05a98d0 GCTaskThread "GC Thread#3" [stack: 0x0000000f0fe00000,0x0000000f0ff00000] [id=7388]
  0x00000161f0d2d010 GCTaskThread "GC Thread#4" [stack: 0x0000000f0ff00000,0x0000000f10000000] [id=20232]
  0x00000161f0b6a560 GCTaskThread "GC Thread#5" [stack: 0x0000000f10000000,0x0000000f10100000] [id=6912]
  0x00000161f0c79580 GCTaskThread "GC Thread#6" [stack: 0x0000000f10100000,0x0000000f10200000] [id=21208]
  0x00000161cfe02da0 ConcurrentGCThread "G1 Main Marker" [stack: 0x0000000f0e800000,0x0000000f0e900000] [id=16092]
  0x00000161cfe05740 ConcurrentGCThread "G1 Conc#0" [stack: 0x0000000f0e900000,0x0000000f0ea00000] [id=15876]
  0x00000161eef20490 ConcurrentGCThread "G1 Refine#0" [stack: 0x0000000f0ea00000,0x0000000f0eb00000] [id=13692]
  0x00000161eef20e20 ConcurrentGCThread "G1 Service" [stack: 0x0000000f0eb00000,0x0000000f0ec00000] [id=20852]

Threads with active compile tasks:
C2 CompilerThread0     1304 1176       4       org.jacoco.agent.rt.internal_f3994fa.asm.commons.AnalyzerAdapter::execute (2009 bytes)
C1 CompilerThread0     1304 1613       3       java.util.jar.Attributes$Name::hash (148 bytes)
C2 CompilerThread1     1304 1288       4       org.jacoco.agent.rt.internal_f3994fa.asm.ClassReader::readCode (5089 bytes)
C2 CompilerThread2     1305 1563       4       org.jacoco.agent.rt.internal_f3994fa.asm.SymbolTable::addConstantMemberReference (147 bytes)

VM state: not at safepoint (normal execution)

VM Mutex/Monitor currently owned by a thread: None

Heap address: 0x0000000761c00000, size: 2532 MB, Compressed Oops mode: Zero based, Oop shift amount: 3

CDS archive(s) mapped at: [0x0000000800000000-0x0000000800bb0000-0x0000000800bb0000), size 12255232, SharedBaseAddress: 0x0000000800000000, ArchiveRelocationMode: 0.
Compressed class space mapped at: 0x0000000800c00000-0x0000000840c00000, reserved size: 1073741824
Narrow klass base: 0x0000000800000000, Narrow klass shift: 3, Narrow klass range: 0x100000000

GC Precious Log:
 CPUs: 8 total, 8 available
 Memory: 10120M
 Large Page Support: Disabled
 NUMA Support: Disabled
 Compressed Oops: Enabled (Zero based)
 Heap Region Size: 2M
 Heap Min Capacity: 8M
 Heap Initial Capacity: 160M
 Heap Max Capacity: 2532M
 Pre-touch: Disabled
 Parallel Workers: 8
 Concurrent Workers: 2
 Concurrent Refinement Workers: 8
 Periodic GC: Disabled

Heap:
 garbage-first heap   total 163840K, used 25569K [0x0000000761c00000, 0x0000000800000000)
  region size 2048K, 13 young (26624K), 2 survivors (4096K)
 Metaspace       used 6786K, committed 6976K, reserved 1056768K
  class space    used 694K, committed 768K, reserved 1048576K

Heap Regions: E=young(eden), S=young(survivor), O=old, HS=humongous(starts), HC=humongous(continues), CS=collection set, F=free, OA=open archive, CA=closed archive, TAMS=top-at-mark-start (previous, next)
|   0|0x0000000761c00000, 0x0000000761cf8600, 0x0000000761e00000| 48%| O|  |TAMS 0x0000000761c00000, 0x0000000761c00000| Untracked 
|   1|0x0000000761e00000, 0x0000000761e00000, 0x0000000762000000|  0%| F|  |TAMS 0x0000000761e00000, 0x0000000761e00000| Untracked 
|   2|0x0000000762000000, 0x0000000762000000, 0x0000000762200000|  0%| F|  |TAMS 0x0000000762000000, 0x0000000762000000| Untracked 
|   3|0x0000000762200000, 0x0000000762200000, 0x0000000762400000|  0%| F|  |TAMS 0x0000000762200000, 0x0000000762200000| Untracked 
|   4|0x0000000762400000, 0x0000000762400000, 0x0000000762600000|  0%| F|  |TAMS 0x0000000762400000, 0x0000000762400000| Untracked 
|   5|0x0000000762600000, 0x0000000762600000, 0x0000000762800000|  0%| F|  |TAMS 0x0000000762600000, 0x0000000762600000| Untracked 
|   6|0x0000000762800000, 0x0000000762800000, 0x0000000762a00000|  0%| F|  |TAMS 0x0000000762800000, 0x0000000762800000| Untracked 
|   7|0x0000000762a00000, 0x0000000762a00000, 0x0000000762c00000|  0%| F|  |TAMS 0x0000000762a00000, 0x0000000762a00000| Untracked 
|   8|0x0000000762c00000, 0x0000000762c00000, 0x0000000762e00000|  0%| F|  |TAMS 0x0000000762c00000, 0x0000000762c00000| Untracked 
|   9|0x0000000762e00000, 0x0000000762e00000, 0x0000000763000000|  0%| F|  |TAMS 0x0000000762e00000, 0x0000000762e00000| Untracked 
|  10|0x0000000763000000, 0x0000000763000000, 0x0000000763200000|  0%| F|  |TAMS 0x0000000763000000, 0x0000000763000000| Untracked 
|  11|0x0000000763200000, 0x0000000763200000, 0x0000000763400000|  0%| F|  |TAMS 0x0000000763200000, 0x0000000763200000| Untracked 
|  12|0x0000000763400000, 0x0000000763400000, 0x0000000763600000|  0%| F|  |TAMS 0x0000000763400000, 0x0000000763400000| Untracked 
|  13|0x0000000763600000, 0x0000000763600000, 0x0000000763800000|  0%| F|  |TAMS 0x0000000763600000, 0x0000000763600000| Untracked 
|  14|0x0000000763800000, 0x0000000763800000, 0x0000000763a00000|  0%| F|  |TAMS 0x0000000763800000, 0x0000000763800000| Untracked 
|  15|0x0000000763a00000, 0x0000000763a00000, 0x0000000763c00000|  0%| F|  |TAMS 0x0000000763a00000, 0x0000000763a00000| Untracked 
|  16|0x0000000763c00000, 0x0000000763c00000, 0x0000000763e00000|  0%| F|  |TAMS 0x0000000763c00000, 0x0000000763c00000| Untracked 
|  17|0x0000000763e00000, 0x0000000763e00000, 0x0000000764000000|  0%| F|  |TAMS 0x0000000763e00000, 0x0000000763e00000| Untracked 
|  18|0x0000000764000000, 0x0000000764000000, 0x0000000764200000|  0%| F|  |TAMS 0x0000000764000000, 0x0000000764000000| Untracked 
|  19|0x0000000764200000, 0x0000000764200000, 0x0000000764400000|  0%| F|  |TAMS 0x0000000764200000, 0x0000000764200000| Untracked 
|  20|0x0000000764400000, 0x0000000764400000, 0x0000000764600000|  0%| F|  |TAMS 0x0000000764400000, 0x0000000764400000| Untracked 
|  21|0x0000000764600000, 0x0000000764600000, 0x0000000764800000|  0%| F|  |TAMS 0x0000000764600000, 0x0000000764600000| Untracked 
|  22|0x0000000764800000, 0x0000000764800000, 0x0000000764a00000|  0%| F|  |TAMS 0x0000000764800000, 0x0000000764800000| Untracked 
|  23|0x0000000764a00000, 0x0000000764a00000, 0x0000000764c00000|  0%| F|  |TAMS 0x0000000764a00000, 0x0000000764a00000| Untracked 
|  24|0x0000000764c00000, 0x0000000764c00000, 0x0000000764e00000|  0%| F|  |TAMS 0x0000000764c00000, 0x0000000764c00000| Untracked 
|  25|0x0000000764e00000, 0x0000000764e00000, 0x0000000765000000|  0%| F|  |TAMS 0x0000000764e00000, 0x0000000764e00000| Untracked 
|  26|0x0000000765000000, 0x0000000765000000, 0x0000000765200000|  0%| F|  |TAMS 0x0000000765000000, 0x0000000765000000| Untracked 
|  27|0x0000000765200000, 0x0000000765200000, 0x0000000765400000|  0%| F|  |TAMS 0x0000000765200000, 0x0000000765200000| Untracked 
|  28|0x0000000765400000, 0x0000000765400000, 0x0000000765600000|  0%| F|  |TAMS 0x0000000765400000, 0x0000000765400000| Untracked 
|  29|0x0000000765600000, 0x0000000765600000, 0x0000000765800000|  0%| F|  |TAMS 0x0000000765600000, 0x0000000765600000| Untracked 
|  30|0x0000000765800000, 0x0000000765800000, 0x0000000765a00000|  0%| F|  |TAMS 0x0000000765800000, 0x0000000765800000| Untracked 
|  31|0x0000000765a00000, 0x0000000765a00000, 0x0000000765c00000|  0%| F|  |TAMS 0x0000000765a00000, 0x0000000765a00000| Untracked 
|  32|0x0000000765c00000, 0x0000000765c00000, 0x0000000765e00000|  0%| F|  |TAMS 0x0000000765c00000, 0x0000000765c00000| Untracked 
|  33|0x0000000765e00000, 0x0000000765e00000, 0x0000000766000000|  0%| F|  |TAMS 0x0000000765e00000, 0x0000000765e00000| Untracked 
|  34|0x0000000766000000, 0x0000000766000000, 0x0000000766200000|  0%| F|  |TAMS 0x0000000766000000, 0x0000000766000000| Untracked 
|  35|0x0000000766200000, 0x0000000766200000, 0x0000000766400000|  0%| F|  |TAMS 0x0000000766200000, 0x0000000766200000| Untracked 
|  36|0x0000000766400000, 0x0000000766400000, 0x0000000766600000|  0%| F|  |TAMS 0x0000000766400000, 0x0000000766400000| Untracked 
|  37|0x0000000766600000, 0x0000000766600000, 0x0000000766800000|  0%| F|  |TAMS 0x0000000766600000, 0x0000000766600000| Untracked 
|  38|0x0000000766800000, 0x0000000766800000, 0x0000000766a00000|  0%| F|  |TAMS 0x0000000766800000, 0x0000000766800000| Untracked 
|  39|0x0000000766a00000, 0x0000000766a00000, 0x0000000766c00000|  0%| F|  |TAMS 0x0000000766a00000, 0x0000000766a00000| Untracked 
|  40|0x0000000766c00000, 0x0000000766c00000, 0x0000000766e00000|  0%| F|  |TAMS 0x0000000766c00000, 0x0000000766c00000| Untracked 
|  41|0x0000000766e00000, 0x0000000766e00000, 0x0000000767000000|  0%| F|  |TAMS 0x0000000766e00000, 0x0000000766e00000| Untracked 
|  42|0x0000000767000000, 0x0000000767000000, 0x0000000767200000|  0%| F|  |TAMS 0x0000000767000000, 0x0000000767000000| Untracked 
|  43|0x0000000767200000, 0x0000000767200000, 0x0000000767400000|  0%| F|  |TAMS 0x0000000767200000, 0x0000000767200000| Untracked 
|  44|0x0000000767400000, 0x0000000767400000, 0x0000000767600000|  0%| F|  |TAMS 0x0000000767400000, 0x0000000767400000| Untracked 
|  45|0x0000000767600000, 0x0000000767600000, 0x0000000767800000|  0%| F|  |TAMS 0x0000000767600000, 0x0000000767600000| Untracked 
|  46|0x0000000767800000, 0x0000000767800000, 0x0000000767a00000|  0%| F|  |TAMS 0x0000000767800000, 0x0000000767800000| Untracked 
|  47|0x0000000767a00000, 0x0000000767a00000, 0x0000000767c00000|  0%| F|  |TAMS 0x0000000767a00000, 0x0000000767a00000| Untracked 
|  48|0x0000000767c00000, 0x0000000767c00000, 0x0000000767e00000|  0%| F|  |TAMS 0x0000000767c00000, 0x0000000767c00000| Untracked 
|  49|0x0000000767e00000, 0x0000000767e00000, 0x0000000768000000|  0%| F|  |TAMS 0x0000000767e00000, 0x0000000767e00000| Untracked 
|  50|0x0000000768000000, 0x0000000768000000, 0x0000000768200000|  0%| F|  |TAMS 0x0000000768000000, 0x0000000768000000| Untracked 
|  51|0x0000000768200000, 0x0000000768200000, 0x0000000768400000|  0%| F|  |TAMS 0x0000000768200000, 0x0000000768200000| Untracked 
|  52|0x0000000768400000, 0x0000000768400000, 0x0000000768600000|  0%| F|  |TAMS 0x0000000768400000, 0x0000000768400000| Untracked 
|  53|0x0000000768600000, 0x0000000768600000, 0x0000000768800000|  0%| F|  |TAMS 0x0000000768600000, 0x0000000768600000| Untracked 
|  54|0x0000000768800000, 0x0000000768800000, 0x0000000768a00000|  0%| F|  |TAMS 0x0000000768800000, 0x0000000768800000| Untracked 
|  55|0x0000000768a00000, 0x0000000768a00000, 0x0000000768c00000|  0%| F|  |TAMS 0x0000000768a00000, 0x0000000768a00000| Untracked 
|  56|0x0000000768c00000, 0x0000000768c00000, 0x0000000768e00000|  0%| F|  |TAMS 0x0000000768c00000, 0x0000000768c00000| Untracked 
|  57|0x0000000768e00000, 0x0000000768e00000, 0x0000000769000000|  0%| F|  |TAMS 0x0000000768e00000, 0x0000000768e00000| Untracked 
|  58|0x0000000769000000, 0x0000000769000000, 0x0000000769200000|  0%| F|  |TAMS 0x0000000769000000, 0x0000000769000000| Untracked 
|  59|0x0000000769200000, 0x0000000769200000, 0x0000000769400000|  0%| F|  |TAMS 0x0000000769200000, 0x0000000769200000| Untracked 
|  60|0x0000000769400000, 0x0000000769400000, 0x0000000769600000|  0%| F|  |TAMS 0x0000000769400000, 0x0000000769400000| Untracked 
|  61|0x0000000769600000, 0x0000000769600000, 0x0000000769800000|  0%| F|  |TAMS 0x0000000769600000, 0x0000000769600000| Untracked 
|  62|0x0000000769800000, 0x0000000769800000, 0x0000000769a00000|  0%| F|  |TAMS 0x0000000769800000, 0x0000000769800000| Untracked 
|  63|0x0000000769a00000, 0x0000000769a00000, 0x0000000769c00000|  0%| F|  |TAMS 0x0000000769a00000, 0x0000000769a00000| Untracked 
|  64|0x0000000769c00000, 0x0000000769c00000, 0x0000000769e00000|  0%| F|  |TAMS 0x0000000769c00000, 0x0000000769c00000| Untracked 
|  65|0x0000000769e00000, 0x0000000769e00000, 0x000000076a000000|  0%| F|  |TAMS 0x0000000769e00000, 0x0000000769e00000| Untracked 
|  66|0x000000076a000000, 0x000000076a000000, 0x000000076a200000|  0%| F|  |TAMS 0x000000076a000000, 0x000000076a000000| Untracked 
|  67|0x000000076a200000, 0x000000076a400000, 0x000000076a400000|100%| S|CS|TAMS 0x000000076a200000, 0x000000076a200000| Complete 
|  68|0x000000076a400000, 0x000000076a600000, 0x000000076a600000|100%| S|CS|TAMS 0x000000076a400000, 0x000000076a400000| Complete 
|  69|0x000000076a600000, 0x000000076a72c130, 0x000000076a800000| 58%| E|  |TAMS 0x000000076a600000, 0x000000076a600000| Complete 
|  70|0x000000076a800000, 0x000000076aa00000, 0x000000076aa00000|100%| E|CS|TAMS 0x000000076a800000, 0x000000076a800000| Complete 
|  71|0x000000076aa00000, 0x000000076ac00000, 0x000000076ac00000|100%| E|CS|TAMS 0x000000076aa00000, 0x000000076aa00000| Complete 
|  72|0x000000076ac00000, 0x000000076ae00000, 0x000000076ae00000|100%| E|CS|TAMS 0x000000076ac00000, 0x000000076ac00000| Complete 
|  73|0x000000076ae00000, 0x000000076b000000, 0x000000076b000000|100%| E|CS|TAMS 0x000000076ae00000, 0x000000076ae00000| Complete 
|  74|0x000000076b000000, 0x000000076b200000, 0x000000076b200000|100%| E|CS|TAMS 0x000000076b000000, 0x000000076b000000| Complete 
|  75|0x000000076b200000, 0x000000076b400000, 0x000000076b400000|100%| E|CS|TAMS 0x000000076b200000, 0x000000076b200000| Complete 
|  76|0x000000076b400000, 0x000000076b600000, 0x000000076b600000|100%| E|CS|TAMS 0x000000076b400000, 0x000000076b400000| Complete 
|  77|0x000000076b600000, 0x000000076b800000, 0x000000076b800000|100%| E|CS|TAMS 0x000000076b600000, 0x000000076b600000| Complete 
|  78|0x000000076b800000, 0x000000076ba00000, 0x000000076ba00000|100%| E|CS|TAMS 0x000000076b800000, 0x000000076b800000| Complete 
|  79|0x000000076ba00000, 0x000000076bc00000, 0x000000076bc00000|100%| E|CS|TAMS 0x000000076ba00000, 0x000000076ba00000| Complete 

Card table byte_map: [0x00000161e6d60000,0x00000161e7260000] _byte_map_base: 0x00000161e3252000

Marking Bits (Prev, Next): (CMBitMap*) 0x00000161cfdf7d70, (CMBitMap*) 0x00000161cfdf7db0
 Prev Bits: [0x00000161e7760000, 0x00000161e9ef0000)
 Next Bits: [0x00000161e9ef0000, 0x00000161ec680000)

Polling page: 0x00000161cdcb0000

Metaspace:

Usage:
  Non-class:      5.96 MB used.
      Class:    697.34 KB used.
       Both:      6.64 MB used.

Virtual space:
  Non-class space:        8.00 MB reserved,       6.06 MB ( 76%) committed,  1 nodes.
      Class space:        1.00 GB reserved,     768.00 KB ( <1%) committed,  1 nodes.
              Both:        1.01 GB reserved,       6.81 MB ( <1%) committed. 

Chunk freelists:
   Non-Class:  1.66 MB
       Class:  3.29 MB
        Both:  4.94 MB

MaxMetaspaceSize: 17179869184.00 GB
CompressedClassSpaceSize: 1.00 GB
 - commit_granule_bytes: 65536.
 - commit_granule_words: 8192.
 - virtual_space_node_default_size: 1048576.
 - enlarge_chunks_in_place: 1.
 - new_chunks_are_fully_committed: 0.
 - uncommit_free_chunks: 1.
 - use_allocation_guard: 0.
 - handle_deallocations: 1.


Internal statistics:

num_allocs_failed_limit: 0.
num_arena_births: 72.
num_arena_deaths: 0.
num_vsnodes_births: 2.
num_vsnodes_deaths: 0.
num_space_committed: 109.
num_space_uncommitted: 0.
num_chunks_returned_to_freelist: 0.
num_chunks_taken_from_freelist: 233.
num_chunk_merges: 0.
num_chunk_splits: 134.
num_chunks_enlarged: 87.
num_purges: 0.

CodeHeap 'non-profiled nmethods': size=120000Kb used=515Kb max_used=515Kb free=119484Kb
 bounds [0x00000161df000000, 0x00000161df270000, 0x00000161e6530000]
CodeHeap 'profiled nmethods': size=120000Kb used=3383Kb max_used=3383Kb free=116616Kb
 bounds [0x00000161d7ad0000, 0x00000161d7e20000, 0x00000161df000000]
CodeHeap 'non-nmethods': size=5760Kb used=1157Kb max_used=1181Kb free=4602Kb
 bounds [0x00000161d7530000, 0x00000161d77a0000, 0x00000161d7ad0000]
 total_blobs=2045 nmethods=1604 adapters=354
 compilation: enabled
              stopped_count=0, restarted_count=0
 full_count=0

Compilation events (20 events):
Event: 1.233 Thread 0x00000161ef0788a0 1574       3       java.lang.invoke.InnerClassLambdaMetafactory::getLoadOpcode (26 bytes)
Event: 1.233 Thread 0x00000161ef0788a0 nmethod 1574 0x00000161d7e02310 code [0x00000161d7e024e0, 0x00000161d7e02718]
Event: 1.233 Thread 0x00000161ef0788a0 1575       3       java.lang.invoke.InnerClassLambdaMetafactory::getParameterSize (27 bytes)
Event: 1.234 Thread 0x00000161ef0788a0 nmethod 1575 0x00000161d7e02810 code [0x00000161d7e029c0, 0x00000161d7e02bd8]
Event: 1.237 Thread 0x00000161ef0788a0 1576       3       java.lang.invoke.DirectMethodHandle$Holder::newInvokeSpecial (21 bytes)
Event: 1.237 Thread 0x00000161ef0788a0 nmethod 1576 0x00000161d7e02c90 code [0x00000161d7e02e80, 0x00000161d7e03688]
Event: 1.242 Thread 0x00000161f14b8390 nmethod 1554 0x00000161df07ea90 code [0x00000161df07ec60, 0x00000161df07f7f8]
Event: 1.242 Thread 0x00000161f14b8390 1563       4       org.jacoco.agent.rt.internal_f3994fa.asm.SymbolTable::addConstantMemberReference (147 bytes)
Event: 1.245 Thread 0x00000161ef0788a0 1579       3       java.util.stream.AbstractPipeline::<init> (91 bytes)
Event: 1.246 Thread 0x00000161ef0788a0 nmethod 1579 0x00000161d7e03890 code [0x00000161d7e03a80, 0x00000161d7e04118]
Event: 1.253 Thread 0x00000161ef0788a0 1582       3       jdk.internal.org.objectweb.asm.ByteVector::put11 (52 bytes)
Event: 1.254 Thread 0x00000161ef0788a0 nmethod 1582 0x00000161d7e04310 code [0x00000161d7e044c0, 0x00000161d7e046e8]
Event: 1.257 Thread 0x00000161ef0788a0 1583       3       java.lang.invoke.DirectMethodHandle::preparedLambdaForm (6 bytes)
Event: 1.257 Thread 0x00000161ef0788a0 nmethod 1583 0x00000161d7e04810 code [0x00000161d7e049c0, 0x00000161d7e04ae8]
Event: 1.258 Thread 0x00000161ef0788a0 1584       3       java.lang.invoke.MethodHandles$Lookup::hasFullPrivilegeAccess (18 bytes)
Event: 1.258 Thread 0x00000161ef0788a0 nmethod 1584 0x00000161d7e04b90 code [0x00000161d7e04d20, 0x00000161d7e04e98]
Event: 1.263 Thread 0x00000161ef0788a0 1587       3       org.jacoco.agent.rt.internal_f3994fa.core.internal.flow.FrameSnapshot::accept (31 bytes)
Event: 1.263 Thread 0x00000161ef0788a0 nmethod 1587 0x00000161d7e04f10 code [0x00000161d7e050c0, 0x00000161d7e05308]
Event: 1.263 Thread 0x00000161ef0788a0 1589       3       org.jacoco.agent.rt.internal_f3994fa.core.internal.instr.MethodInstrumenter::getInverted (276 bytes)
Event: 1.264 Thread 0x00000161ef0788a0 nmethod 1589 0x00000161d7e05410 code [0x00000161d7e05640, 0x00000161d7e06028]

GC Heap History (2 events):
Event: 0.891 GC heap before
{Heap before GC invocations=0 (full 0):
 garbage-first heap   total 163840K, used 20480K [0x0000000761c00000, 0x0000000800000000)
  region size 2048K, 11 young (22528K), 0 survivors (0K)
 Metaspace       used 4951K, committed 5056K, reserved 1056768K
  class space    used 456K, committed 512K, reserved 1048576K
}
Event: 0.895 GC heap after
{Heap after GC invocations=1 (full 0):
 garbage-first heap   total 163840K, used 5089K [0x0000000761c00000, 0x0000000800000000)
  region size 2048K, 2 young (4096K), 2 survivors (4096K)
 Metaspace       used 4951K, committed 5056K, reserved 1056768K
  class space    used 456K, committed 512K, reserved 1048576K
}

Deoptimization events (20 events):
Event: 1.033 Thread 0x00000161cfdb72d0 Uncommon trap: trap_request=0xffffff45 fr.pc=0x00000161df050c28 relative=0x0000000000000668
Event: 1.033 Thread 0x00000161cfdb72d0 Uncommon trap: reason=unstable_if action=reinterpret pc=0x00000161df050c28 method=java.util.ArrayList.grow(I)[Ljava/lang/Object; @ 17 c2
Event: 1.033 Thread 0x00000161cfdb72d0 DEOPT PACKING pc=0x00000161df050c28 sp=0x0000000f0e6fa550
Event: 1.033 Thread 0x00000161cfdb72d0 DEOPT UNPACKING pc=0x00000161d757d72e sp=0x0000000f0e6fa3e8 mode 2
Event: 1.035 Thread 0x00000161cfdb72d0 Uncommon trap: trap_request=0xffffffde fr.pc=0x00000161df061980 relative=0x0000000000001540
Event: 1.035 Thread 0x00000161cfdb72d0 Uncommon trap: reason=class_check action=maybe_recompile pc=0x00000161df061980 method=java.util.HashMap.putVal(ILjava/lang/Object;Ljava/lang/Object;ZZ)Ljava/lang/Object; @ 253 c2
Event: 1.035 Thread 0x00000161cfdb72d0 DEOPT PACKING pc=0x00000161df061980 sp=0x0000000f0e6fd650
Event: 1.035 Thread 0x00000161cfdb72d0 DEOPT UNPACKING pc=0x00000161d757d72e sp=0x0000000f0e6fd5a8 mode 2
Event: 1.084 Thread 0x00000161cfdb72d0 Uncommon trap: trap_request=0xffffffde fr.pc=0x00000161df061980 relative=0x0000000000001540
Event: 1.084 Thread 0x00000161cfdb72d0 Uncommon trap: reason=class_check action=maybe_recompile pc=0x00000161df061980 method=java.util.HashMap.putVal(ILjava/lang/Object;Ljava/lang/Object;ZZ)Ljava/lang/Object; @ 253 c2
Event: 1.084 Thread 0x00000161cfdb72d0 DEOPT PACKING pc=0x00000161df061980 sp=0x0000000f0e6fd730
Event: 1.084 Thread 0x00000161cfdb72d0 DEOPT UNPACKING pc=0x00000161d757d72e sp=0x0000000f0e6fd688 mode 2
Event: 1.095 Thread 0x00000161cfdb72d0 Uncommon trap: trap_request=0xffffffde fr.pc=0x00000161df061980 relative=0x0000000000001540
Event: 1.095 Thread 0x00000161cfdb72d0 Uncommon trap: reason=class_check action=maybe_recompile pc=0x00000161df061980 method=java.util.HashMap.putVal(ILjava/lang/Object;Ljava/lang/Object;ZZ)Ljava/lang/Object; @ 253 c2
Event: 1.095 Thread 0x00000161cfdb72d0 DEOPT PACKING pc=0x00000161df061980 sp=0x0000000f0e6fd5d0
Event: 1.095 Thread 0x00000161cfdb72d0 DEOPT UNPACKING pc=0x00000161d757d72e sp=0x0000000f0e6fd528 mode 2
Event: 1.097 Thread 0x00000161cfdb72d0 Uncommon trap: trap_request=0xffffffde fr.pc=0x00000161df061980 relative=0x0000000000001540
Event: 1.097 Thread 0x00000161cfdb72d0 Uncommon trap: reason=class_check action=maybe_recompile pc=0x00000161df061980 method=java.util.HashMap.putVal(ILjava/lang/Object;Ljava/lang/Object;ZZ)Ljava/lang/Object; @ 253 c2
Event: 1.097 Thread 0x00000161cfdb72d0 DEOPT PACKING pc=0x00000161df061980 sp=0x0000000f0e6fd570
Event: 1.097 Thread 0x00000161cfdb72d0 DEOPT UNPACKING pc=0x00000161d757d72e sp=0x0000000f0e6fd4c8 mode 2

Classes unloaded (0 events):
No events

Classes redefined (0 events):
No events

Internal exceptions (20 events):
Event: 0.883 Thread 0x00000161cfdb72d0 Exception <a 'java/lang/NoSuchMethodError'{0x000000076a7b1c10}: 'java.lang.Object java.lang.invoke.DirectMethodHandle$Holder.invokeStaticInit(java.lang.Object, java.lang.Object, java.lang.Object, java.lang.Object)'> (0x000000076a7b1c10) 
thrown [t:\workspace\open\src\hotspot\share\interpreter\linkResolver.cpp, line 790]
Event: 0.883 Thread 0x00000161cfdb72d0 Exception <a 'java/lang/NoSuchMethodError'{0x000000076a7b87f8}: 'java.lang.Object java.lang.invoke.Invokers$Holder.invoke_MT(java.lang.Object, java.lang.Object, java.lang.Object, java.lang.Object, java.lang.Object)'> (0x000000076a7b87f8) 
thrown [t:\workspace\open\src\hotspot\share\interpreter\linkResolver.cpp, line 790]
Event: 0.912 Thread 0x00000161cfdb72d0 Exception <a 'java/lang/NoSuchMethodError'{0x000000076bafcaf0}: 'java.lang.Object java.lang.invoke.DirectMethodHandle$Holder.invokeStaticInit(java.lang.Object, int)'> (0x000000076bafcaf0) 
thrown [t:\workspace\open\src\hotspot\share\interpreter\linkResolver.cpp, line 790]
Event: 0.955 Thread 0x00000161cfdb72d0 Exception <a 'java/lang/NoSuchMethodError'{0x000000076b97a0b8}: 'int java.lang.invoke.DirectMethodHandle$Holder.invokeSpecial(java.lang.Object, java.lang.Object, java.lang.Object)'> (0x000000076b97a0b8) 
thrown [t:\workspace\open\src\hotspot\share\interpreter\linkResolver.cpp, line 790]
Event: 0.974 Thread 0x00000161cfdb72d0 Exception <a 'java/lang/NoSuchMethodError'{0x000000076b6d1168}: 'void java.lang.invoke.DirectMethodHandle$Holder.invokeInterface(java.lang.Object, java.lang.Object)'> (0x000000076b6d1168) 
thrown [t:\workspace\open\src\hotspot\share\interpreter\linkResolver.cpp, line 790]
Event: 0.975 Thread 0x00000161cfdb72d0 Exception <a 'java/lang/IncompatibleClassChangeError'{0x000000076b6d48c8}: Found class java.lang.Object, but interface was expected> (0x000000076b6d48c8) 
thrown [t:\workspace\open\src\hotspot\share\interpreter\linkResolver.cpp, line 857]
Event: 1.015 Thread 0x00000161cfdb72d0 Exception <a 'java/lang/NoSuchMethodError'{0x000000076b5ff0e0}: 'java.lang.Object java.lang.invoke.DirectMethodHandle$Holder.invokeStaticInit(java.lang.Object, java.lang.Object, java.lang.Object)'> (0x000000076b5ff0e0) 
thrown [t:\workspace\open\src\hotspot\share\interpreter\linkResolver.cpp, line 790]
Event: 1.016 Thread 0x00000161cfdb72d0 Exception <a 'java/lang/NoSuchMethodError'{0x000000076b206de0}: 'void java.lang.invoke.DirectMethodHandle$Holder.invokeStaticInit(java.lang.Object, java.lang.Object, java.lang.Object)'> (0x000000076b206de0) 
thrown [t:\workspace\open\src\hotspot\share\interpreter\linkResolver.cpp, line 790]
Event: 1.027 Thread 0x00000161cfdb72d0 Exception <a 'java/lang/NoSuchMethodError'{0x000000076b2af220}: 'java.lang.Object java.lang.invoke.DirectMethodHandle$Holder.newInvokeSpecial(java.lang.Object, java.lang.Object, java.lang.Object, java.lang.Object, java.lang.Object)'> (0x000000076b2af220) 
thrown [t:\workspace\open\src\hotspot\share\interpreter\linkResolver.cpp, line 790]
Event: 1.098 Thread 0x00000161cfdb72d0 Exception <a 'java/lang/NoSuchMethodError'{0x000000076ae9a5c8}: 'java.lang.Object java.lang.invoke.DirectMethodHandle$Holder.invokeInterface(java.lang.Object, java.lang.Object)'> (0x000000076ae9a5c8) 
thrown [t:\workspace\open\src\hotspot\share\interpreter\linkResolver.cpp, line 790]
Event: 1.119 Thread 0x00000161cfdb72d0 Exception <a 'java/lang/NoSuchMethodError'{0x000000076aefac20}: 'java.lang.Object java.lang.invoke.DirectMethodHandle$Holder.invokeSpecialIFC(java.lang.Object, java.lang.Object, java.lang.Object, java.lang.Object)'> (0x000000076aefac20) 
thrown [t:\workspace\open\src\hotspot\share\interpreter\linkResolver.cpp, line 790]
Event: 1.146 Thread 0x00000161cfdb72d0 Exception <a 'java/lang/NoSuchMethodError'{0x000000076afe3be0}: 'void java.lang.invoke.DirectMethodHandle$Holder.invokeInterface(java.lang.Object, java.lang.Object, java.lang.Object)'> (0x000000076afe3be0) 
thrown [t:\workspace\open\src\hotspot\share\interpreter\linkResolver.cpp, line 790]
Event: 1.163 Thread 0x00000161cfdb72d0 Exception <a 'java/lang/NoSuchMethodError'{0x000000076acc2e08}: 'java.lang.Object java.lang.invoke.DirectMethodHandle$Holder.newInvokeSpecial(java.lang.Object, java.lang.Object, java.lang.Object, java.lang.Object, java.lang.Object, java.lang.Object)'> (0x000000076acc2e08) 
thrown [t:\workspace\open\src\hotspot\share\interpreter\linkResolver.cpp, line 790]
Event: 1.182 Thread 0x00000161cfdb72d0 Exception <a 'java/lang/NoSuchMethodError'{0x000000076adbf730}: 'void java.lang.invoke.DirectMethodHandle$Holder.invokeInterface(java.lang.Object, java.lang.Object, java.lang.Object, java.lang.Object, java.lang.Object)'> (0x000000076adbf730) 
thrown [t:\workspace\open\src\hotspot\share\interpreter\linkResolver.cpp, line 790]
Event: 1.183 Thread 0x00000161cfdb72d0 Exception <a 'java/lang/IncompatibleClassChangeError'{0x000000076adc3600}: Found class java.lang.Object, but interface was expected> (0x000000076adc3600) 
thrown [t:\workspace\open\src\hotspot\share\interpreter\linkResolver.cpp, line 857]
Event: 1.202 Thread 0x00000161cfdb72d0 Exception <a 'java/lang/IncompatibleClassChangeError'{0x000000076aa3c650}: Found class java.lang.Object, but interface was expected> (0x000000076aa3c650) 
thrown [t:\workspace\open\src\hotspot\share\interpreter\linkResolver.cpp, line 857]
Event: 1.210 Thread 0x00000161cfdb72d0 Exception <a 'java/lang/NoSuchMethodError'{0x000000076aa87b70}: 'void java.lang.invoke.DirectMethodHandle$Holder.invokeSpecial(java.lang.Object, java.lang.Object, java.lang.Object, java.lang.Object, java.lang.Object)'> (0x000000076aa87b70) 
thrown [t:\workspace\open\src\hotspot\share\interpreter\linkResolver.cpp, line 790]
Event: 1.233 Thread 0x00000161cfdb72d0 Exception <a 'java/lang/NoSuchMethodError'{0x000000076ab563e0}: 'java.lang.Object java.lang.invoke.DirectMethodHandle$Holder.invokeVirtual(java.lang.Object, java.lang.Object, java.lang.Object)'> (0x000000076ab563e0) 
thrown [t:\workspace\open\src\hotspot\share\interpreter\linkResolver.cpp, line 790]
Event: 1.252 Thread 0x00000161cfdb72d0 Exception <a 'java/lang/NoSuchMethodError'{0x000000076a8330e8}: 'void java.lang.invoke.DirectMethodHandle$Holder.invokeInterface(java.lang.Object, java.lang.Object, java.lang.Object, java.lang.Object)'> (0x000000076a8330e8) 
thrown [t:\workspace\open\src\hotspot\share\interpreter\linkResolver.cpp, line 790]
Event: 1.253 Thread 0x00000161cfdb72d0 Exception <a 'java/lang/IncompatibleClassChangeError'{0x000000076a836748}: Found class java.lang.Object, but interface was expected> (0x000000076a836748) 
thrown [t:\workspace\open\src\hotspot\share\interpreter\linkResolver.cpp, line 857]

Events (20 events):
Event: 1.145 loading class java/util/stream/Streams$2
Event: 1.145 loading class java/util/stream/Streams$2 done
Event: 1.146 loading class java/util/stream/StreamSpliterators
Event: 1.147 loading class java/util/stream/StreamSpliterators done
Event: 1.196 loading class sun/reflect/annotation/AnnotationInvocationHandler$1
Event: 1.196 loading class sun/reflect/annotation/AnnotationInvocationHandler$1 done
Event: 1.229 loading class java/util/concurrent/atomic/AtomicBoolean
Event: 1.229 loading class java/util/concurrent/atomic/AtomicBoolean done
Event: 1.229 loading class java/util/concurrent/ConcurrentHashMap$ValueSpliterator
Event: 1.230 loading class java/util/concurrent/ConcurrentHashMap$ValueSpliterator done
Event: 1.230 loading class java/util/stream/ReduceOps$5
Event: 1.230 loading class java/util/stream/ReduceOps$5 done
Event: 1.230 loading class java/util/stream/ReduceOps$CountingSink$OfRef
Event: 1.230 loading class java/util/stream/ReduceOps$CountingSink
Event: 1.230 loading class java/util/stream/ReduceOps$CountingSink done
Event: 1.230 loading class java/util/stream/ReduceOps$CountingSink$OfRef done
Event: 1.235 loading class java/text/MessageFormat
Event: 1.236 loading class java/text/MessageFormat done
Event: 1.236 loading class java/text/MessageFormat$Field
Event: 1.236 loading class java/text/MessageFormat$Field done


Dynamic libraries:
0x00007ff7caa20000 - 0x00007ff7caa30000 	C:\Program Files\Java\jdk-16.0.1\bin\javaw.exe
0x00007ffcd4030000 - 0x00007ffcd4225000 	C:\WINDOWS\SYSTEM32\ntdll.dll
0x00007ffcd3f20000 - 0x00007ffcd3fde000 	C:\WINDOWS\System32\KERNEL32.DLL
0x00007ffcd17a0000 - 0x00007ffcd1a69000 	C:\WINDOWS\System32\KERNELBASE.dll
0x00007ffcd1d10000 - 0x00007ffcd1e10000 	C:\WINDOWS\System32\ucrtbase.dll
0x00007ffca03b0000 - 0x00007ffca03c9000 	C:\Program Files\Java\jdk-16.0.1\bin\VCRUNTIME140.dll
0x00007ffca79b0000 - 0x00007ffca79c8000 	C:\Program Files\Java\jdk-16.0.1\bin\jli.dll
0x00007ffcd3860000 - 0x00007ffcd390c000 	C:\WINDOWS\System32\ADVAPI32.dll
0x00007ffcd3230000 - 0x00007ffcd32ce000 	C:\WINDOWS\System32\msvcrt.dll
0x00007ffcd3910000 - 0x00007ffcd39ab000 	C:\WINDOWS\System32\sechost.dll
0x00007ffcd3730000 - 0x00007ffcd385a000 	C:\WINDOWS\System32\RPCRT4.dll
0x00007ffcd21f0000 - 0x00007ffcd2391000 	C:\WINDOWS\System32\USER32.dll
0x00007ffcd1e10000 - 0x00007ffcd1e32000 	C:\WINDOWS\System32\win32u.dll
0x00007ffcc33e0000 - 0x00007ffcc367a000 	C:\WINDOWS\WinSxS\amd64_microsoft.windows.common-controls_6595b64144ccf1df_6.0.19041.1110_none_60b5254171f9507e\COMCTL32.dll
0x00007ffcd21c0000 - 0x00007ffcd21eb000 	C:\WINDOWS\System32\GDI32.dll
0x00007ffcd1ad0000 - 0x00007ffcd1bdb000 	C:\WINDOWS\System32\gdi32full.dll
0x00007ffcd1be0000 - 0x00007ffcd1c7d000 	C:\WINDOWS\System32\msvcp_win.dll
0x00007ffccb2a0000 - 0x00007ffccb2aa000 	C:\WINDOWS\SYSTEM32\VERSION.dll
0x00007ffcd3200000 - 0x00007ffcd3230000 	C:\WINDOWS\System32\IMM32.DLL
0x00007ffcbe4a0000 - 0x00007ffcbe4ac000 	C:\Program Files\Java\jdk-16.0.1\bin\vcruntime140_1.dll
0x00007ffc82d90000 - 0x00007ffc82e21000 	C:\Program Files\Java\jdk-16.0.1\bin\msvcp140.dll
0x00007ffc80790000 - 0x00007ffc8133b000 	C:\Program Files\Java\jdk-16.0.1\bin\server\jvm.dll
0x00007ffcd3450000 - 0x00007ffcd3458000 	C:\WINDOWS\System32\PSAPI.DLL
0x00007ffccedc0000 - 0x00007ffccedc9000 	C:\WINDOWS\SYSTEM32\WSOCK32.dll
0x00007ffcc3f70000 - 0x00007ffcc3f97000 	C:\WINDOWS\SYSTEM32\WINMM.dll
0x00007ffcd36a0000 - 0x00007ffcd370b000 	C:\WINDOWS\System32\WS2_32.dll
0x00007ffcd0020000 - 0x00007ffcd0032000 	C:\WINDOWS\SYSTEM32\kernel.appcore.dll
0x00007ffcbe470000 - 0x00007ffcbe47a000 	C:\Program Files\Java\jdk-16.0.1\bin\jimage.dll
0x00007ffccea20000 - 0x00007ffccec04000 	C:\WINDOWS\SYSTEM32\DBGHELP.DLL
0x00007ffcc95b0000 - 0x00007ffcc95dc000 	C:\WINDOWS\SYSTEM32\dbgcore.DLL
0x00007ffcd1c80000 - 0x00007ffcd1d03000 	C:\WINDOWS\System32\bcryptPrimitives.dll
0x00007ffcced00000 - 0x00007ffcced0e000 	C:\Program Files\Java\jdk-16.0.1\bin\instrument.dll
0x00007ffc85430000 - 0x00007ffc85455000 	C:\Program Files\Java\jdk-16.0.1\bin\java.dll
0x00007ffcd2820000 - 0x00007ffcd2f5f000 	C:\WINDOWS\System32\SHELL32.dll
0x00007ffccf760000 - 0x00007ffccfef0000 	C:\WINDOWS\SYSTEM32\windows.storage.dll
0x00007ffcd39b0000 - 0x00007ffcd3d05000 	C:\WINDOWS\System32\combase.dll
0x00007ffcd11a0000 - 0x00007ffcd11cc000 	C:\WINDOWS\SYSTEM32\Wldp.dll
0x00007ffcd33a0000 - 0x00007ffcd344e000 	C:\WINDOWS\System32\SHCORE.dll
0x00007ffcd2080000 - 0x00007ffcd20d5000 	C:\WINDOWS\System32\shlwapi.dll
0x00007ffcd1690000 - 0x00007ffcd16af000 	C:\WINDOWS\SYSTEM32\profapi.dll
0x00007ffc9aeb0000 - 0x00007ffc9aec8000 	C:\Program Files\Java\jdk-16.0.1\bin\zip.dll
0x00007ffc9ff80000 - 0x00007ffc9ff99000 	C:\Program Files\Java\jdk-16.0.1\bin\net.dll
0x00007ffcc8340000 - 0x00007ffcc8448000 	C:\WINDOWS\SYSTEM32\WINHTTP.dll
0x00007ffcd0f00000 - 0x00007ffcd0f6a000 	C:\WINDOWS\system32\mswsock.dll
0x00007ffc9b9e0000 - 0x00007ffc9b9f3000 	C:\Program Files\Java\jdk-16.0.1\bin\nio.dll
0x00007ffcbd650000 - 0x00007ffcbd660000 	C:\Program Files\Java\jdk-16.0.1\bin\verify.dll
0x00007ffca9520000 - 0x00007ffca9537000 	C:\WINDOWS\system32\napinsp.dll
0x00007ffca9540000 - 0x00007ffca955b000 	C:\WINDOWS\system32\pnrpnsp.dll
0x00007ffccced0000 - 0x00007ffcccee5000 	C:\WINDOWS\system32\wshbth.dll
0x00007ffccb630000 - 0x00007ffccb64d000 	C:\WINDOWS\system32\NLAapi.dll
0x00007ffcd0b80000 - 0x00007ffcd0bbb000 	C:\WINDOWS\SYSTEM32\IPHLPAPI.DLL
0x00007ffcd0bc0000 - 0x00007ffcd0c8c000 	C:\WINDOWS\SYSTEM32\DNSAPI.dll
0x00007ffcd3fe0000 - 0x00007ffcd3fe8000 	C:\WINDOWS\System32\NSI.dll
0x00007ffca96a0000 - 0x00007ffca96b2000 	C:\WINDOWS\System32\winrnr.dll
0x00007ffcc7700000 - 0x00007ffcc770a000 	C:\Windows\System32\rasadhlp.dll
0x00007ffcc6f80000 - 0x00007ffcc6fff000 	C:\WINDOWS\System32\fwpuclnt.dll
0x00007ffcd1e40000 - 0x00007ffcd1e67000 	C:\WINDOWS\System32\bcrypt.dll
0x00007ffccafc0000 - 0x00007ffccafd7000 	C:\WINDOWS\SYSTEM32\dhcpcsvc6.DLL
0x00007ffccaf60000 - 0x00007ffccaf7d000 	C:\WINDOWS\SYSTEM32\dhcpcsvc.DLL

dbghelp: loaded successfully - version: 4.0.5 - missing functions: none
symbol engine: initialized successfully - sym options: 0x614 - pdb path: .;C:\Program Files\Java\jdk-16.0.1\bin;C:\WINDOWS\SYSTEM32;C:\WINDOWS\WinSxS\amd64_microsoft.windows.common-controls_6595b64144ccf1df_6.0.19041.1110_none_60b5254171f9507e;C:\Program Files\Java\jdk-16.0.1\bin\server

VM Arguments:
jvm_args: -javaagent:C:\Users\margo\eclipse\jee-2021-03\eclipse\configuration\org.eclipse.osgi\897\0\.cp\jacocoagent.jar=includes=*,excludes=,exclclassloader=sun.reflect.DelegatingClassLoader,output=tcpclient,port=61066 -ea -Dfile.encoding=UTF-8 -XX:+ShowCodeDetailsInExceptionMessages 
java_command: org.eclipse.jdt.internal.junit.runner.RemoteTestRunner -version 3 -port 61067 -testLoaderClass org.eclipse.jdt.internal.junit5.runner.JUnit5TestLoader -loaderpluginname org.eclipse.jdt.junit5.runtime -classNames com.prekes.web.prekesweb.service.PrekeServiceTest
java_class_path (initial): H:\eclipse-workspace\prekes-web\target\test-classes;H:\eclipse-workspace\prekes-web\target\classes;C:\Users\margo\.m2\repository\org\springframework\boot\spring-boot-starter-web\2.5.4\spring-boot-starter-web-2.5.4.jar;C:\Users\margo\.m2\repository\org\springframework\boot\spring-boot-starter\2.5.4\spring-boot-starter-2.5.4.jar;C:\Users\margo\.m2\repository\org\springframework\boot\spring-boot-starter-logging\2.5.4\spring-boot-starter-logging-2.5.4.jar;C:\Users\margo\.m2\repository\ch\qos\logback\logback-classic\1.2.5\logback-classic-1.2.5.jar;C:\Users\margo\.m2\repository\ch\qos\logback\logback-core\1.2.5\logback-core-1.2.5.jar;C:\Users\margo\.m2\repository\org\apache\logging\log4j\log4j-to-slf4j\2.14.1\log4j-to-slf4j-2.14.1.jar;C:\Users\margo\.m2\repository\org\apache\logging\log4j\log4j-api\2.14.1\log4j-api-2.14.1.jar;C:\Users\margo\.m2\repository\org\slf4j\jul-to-slf4j\1.7.32\jul-to-slf4j-1.7.32.jar;C:\Users\margo\.m2\repository\jakarta\annotation\jakarta.annotation-api\1.3.5\jakarta.annotation-api-1.3.5.jar;C:\Users\margo\.m2\repository\org\yaml\snakeyaml\1.28\snakeyaml-1.28.jar;C:\Users\margo\.m2\repository\org\springframework\boot\spring-boot-starter-json\2.5.4\spring-boot-starter-json-2.5.4.jar;C:\Users\margo\.m2\repository\com\fasterxml\jackson\core\jackson-databind\2.12.4\jackson-databind-2.12.4.jar;C:\Users\margo\.m2\repository\com\fasterxml\jackson\core\jackson-annotations\2.12.4\jackson-annotations-2.12.4.jar;C:\Users\margo\.m2\repository\com\fasterxml\jackson\core\jackson-core\2.12.4\jackson-core-2.12.4.jar;C:\Users\margo\.m2\repository\com\fasterxml\jackson\datatype\jackson-datatype-jdk8\2.12.4\jackson-datatype-jdk8-2.12.4.jar;C:\Users\margo\.m2\repository\com\fasterxml\jackson\datatype\jackson-datatype-jsr310\2.12.4\jackson-datatype-jsr310-2.12.4.jar;C:\Users\margo\.m2\repository\com\fasterxml\jackson\module\jackson-module-parameter-names\2.12.4\jackson-module-parameter-names-2.12.4.jar;C:\Users\margo\.m2\repository\org\sp
Launcher Type: SUN_STANDARD

[Global flags]
     intx CICompilerCount                          = 4                                         {product} {ergonomic}
     uint ConcGCThreads                            = 2                                         {product} {ergonomic}
     uint G1ConcRefinementThreads                  = 8                                         {product} {ergonomic}
   size_t G1HeapRegionSize                         = 2097152                                   {product} {ergonomic}
    uintx GCDrainStackTargetSize                   = 64                                        {product} {ergonomic}
   size_t InitialHeapSize                          = 167772160                                 {product} {ergonomic}
   size_t MarkStackSize                            = 4194304                                   {product} {ergonomic}
   size_t MaxHeapSize                              = 2654994432                                {product} {ergonomic}
   size_t MaxNewSize                               = 1591738368                                {product} {ergonomic}
   size_t MinHeapDeltaBytes                        = 2097152                                   {product} {ergonomic}
   size_t MinHeapSize                              = 8388608                                   {product} {ergonomic}
    uintx NonNMethodCodeHeapSize                   = 5839372                                {pd product} {ergonomic}
    uintx NonProfiledCodeHeapSize                  = 122909434                              {pd product} {ergonomic}
    uintx ProfiledCodeHeapSize                     = 122909434                              {pd product} {ergonomic}
    uintx ReservedCodeCacheSize                    = 251658240                              {pd product} {ergonomic}
     bool SegmentedCodeCache                       = true                                      {product} {ergonomic}
     bool ShowCodeDetailsInExceptionMessages       = true                                   {manageable} {command line}
   size_t SoftMaxHeapSize                          = 2654994432                             {manageable} {ergonomic}
     bool UseCompressedClassPointers               = true                           {product lp64_product} {ergonomic}
     bool UseCompressedOops                        = true                           {product lp64_product} {ergonomic}
     bool UseG1GC                                  = true                                      {product} {ergonomic}
     bool UseLargePagesIndividualAllocation        = false                                  {pd product} {ergonomic}

Logging:
Log output configuration:
 #0: stdout all=warning uptime,level,tags
 #1: stderr all=off uptime,level,tags

Environment Variables:
PATH=C:\Program Files\Common Files\Oracle\Java\javapath;C:\Program Files (x86)\Common Files\Oracle\Java\javapath;C:\ProgramData\Oracle\Java\javapath;C:\WINDOWS\system32;C:\WINDOWS;C:\WINDOWS\System32\Wbem;C:\WINDOWS\System32\WindowsPowerShell\v1.0\;C:\Program Files (x86)\NVIDIA Corporation\PhysX\Common;C:\Program Files (x86)\MySQL\MySQL Utilities 1.4.4\;C:\Program Files (x86)\MySQL\MySQL Utilities 1.4.4\Doctrine extensions for PHP\;C:\WINDOWS\system32;C:\WINDOWS;C:\WINDOWS\System32\Wbem;C:\WINDOWS\System32\WindowsPowerShell\v1.0\;C:\Program Files\Java\jdk1.8.0_31\bin;C:\Program Files (x86)\Microsoft Emulator Manager\1.0\;C:\Program Files (x86)\AOMEI Backupper;C:\Program Files (x86)\CMake\bin;E:\Python27;E:\Python27\Scripts;C:\Users\margo\AppData\Roaming\Python\Scripts;;C:\WINDOWS\System32\OpenSSH\;C:\Program Files\PuTTY\;C:\WINDOWS\system32\config\systemprofile\.dnx\bin;C:\Program Files\Microsoft DNX\Dnvm\;C:\Program Files\Microsoft SQL Server\130\Tools\Binn\;C:\Program Files\nodejs\;C:\Users\margo\AppData\Local\Microsoft\WindowsApps;C:\Users\margo\AppData\Local\Programs\MiKTeX 2.9\miktex\bin\x64\;C:\Users\margo\AppData\Local\Programs\Git\cmd;C:\Users\margo\AppData\Roaming\npm;C:\Users\margo\AppData\Local\Programs\Microsoft VS Code\bin
USERNAME=margo
OS=Windows_NT
PROCESSOR_IDENTIFIER=Intel64 Family 6 Model 60 Stepping 3, GenuineIntel



---------------  S Y S T E M  ---------------

OS:
 Windows 10 , 64 bit Build 19041 (10.0.19041.1202)
OS uptime: 12 days 19:17 hours

CPU: total 8 (initial active 8) (4 cores per cpu, 2 threads per core) family 6 model 60 stepping 3 microcode 0x27, cx8, cmov, fxsr, ht, mmx, sse, sse2, sse3, ssse3, sse4.1, sse4.2, popcnt, lzcnt, tsc, tscinvbit, avx, avx2, aes, erms, clmul, bmi1, bmi2, fma, vzeroupper, clflush

Memory: 4k page, system-wide physical 10120M (2847M free)
TotalPageFile size 11144M (AvailPageFile size 5M)
current process WorkingSet (physical memory assigned to process): 111M, peak: 111M
current process commit charge ("private bytes"): 293M, peak: 294M

vm_info: Java HotSpot(TM) 64-Bit Server VM (16.0.1+9-24) for windows-amd64 JRE (16.0.1+9-24), built on Mar 26 2021 19:31:42 by "mach5one" with MS VC++ 16.7 (VS2019)

END.
