#
# There is insufficient memory for the Java Runtime Environment to continue.
# Native memory allocation (malloc) failed to allocate 1082944 bytes for Chunk::new
# Possible reasons:
#   The system is out of physical RAM or swap space
#   The process is running with CompressedOops enabled, and the Java Heap may be blocking the growth of the native heap
# Possible solutions:
#   Reduce memory load on the system
#   Increase physical memory or swap space
#   Check if swap backing store is full
#   Decrease Java heap size (-Xmx/-Xms)
#   Decrease number of Java threads
#   Decrease Java thread stack sizes (-Xss)
#   Set larger code cache with -XX:ReservedCodeCacheSize=
#   JVM is running with Zero Based Compressed Oops mode in which the Java heap is
#     placed in the first 32GB address space. The Java Heap base address is the
#     maximum limit for the native heap growth. Please use -XX:HeapBaseMinAddress
#     to set the Java Heap base and to place the Java Heap above 32GB virtual address.
# This output file may be truncated or incomplete.
#
#  Out of Memory Error (arena.cpp:195), pid=13732, tid=9688
#
# JRE version: Java(TM) SE Runtime Environment (16.0.1+9) (build 16.0.1+9-24)
# Java VM: Java HotSpot(TM) 64-Bit Server VM (16.0.1+9-24, mixed mode, sharing, tiered, compressed oops, compressed class ptrs, g1 gc, windows-amd64)
# No core dump will be written. Minidumps are not enabled by default on client versions of Windows
#

---------------  S U M M A R Y ------------

Command Line: -ea -Dfile.encoding=UTF-8 -XX:+ShowCodeDetailsInExceptionMessages org.eclipse.jdt.internal.junit.runner.RemoteTestRunner -version 3 -port 63724 -testLoaderClass org.eclipse.jdt.internal.junit5.runner.JUnit5TestLoader -loaderpluginname org.eclipse.jdt.junit5.runtime -classNames com.prekes.web.prekesweb.controller.ZmogusRestControllerTest

Host: Intel(R) Core(TM) i7-4702MQ CPU @ 2.20GHz, 8 cores, 9G,  Windows 10 , 64 bit Build 19041 (10.0.19041.1202)
Time: Wed Sep 29 03:25:53 2021 FLE Daylight Time elapsed time: 0.848917 seconds (0d 0h 0m 0s)

---------------  T H R E A D  ---------------

Current thread (0x00000200fd0df970):  JavaThread "C2 CompilerThread1" daemon [_thread_in_native, id=9688, stack(0x0000003148900000,0x0000003148a00000)]


Current CompileTask:
C2:    849 1211   !   4       jdk.internal.loader.URLClassPath$JarLoader::getResource (65 bytes)

Stack: [0x0000003148900000,0x0000003148a00000]
Native frames: (J=compiled Java code, j=interpreted, Vv=VM code, C=native code)
V  [jvm.dll+0x6687ca]
V  [jvm.dll+0x7ca3c9]
V  [jvm.dll+0x7cbb53]
V  [jvm.dll+0x7cc1b3]
V  [jvm.dll+0x242ea5]
V  [jvm.dll+0xadeca]
V  [jvm.dll+0xae5ac]
V  [jvm.dll+0x35af27]
V  [jvm.dll+0x3253d1]
V  [jvm.dll+0x32487a]
V  [jvm.dll+0x215f3c]
V  [jvm.dll+0x215350]
V  [jvm.dll+0x1a1d9b]
V  [jvm.dll+0x2253a8]
V  [jvm.dll+0x2233ec]
V  [jvm.dll+0x780002]
V  [jvm.dll+0x779b4a]
V  [jvm.dll+0x667666]
C  [ucrtbase.dll+0x21bb2]
C  [KERNEL32.DLL+0x17034]
C  [ntdll.dll+0x52651]


---------------  P R O C E S S  ---------------

Threads class SMR info:
_java_thread_list=0x00000200fd8d27f0, length=15, elements={
0x00000200dd1d7ad0, 0x00000200fc472b10, 0x00000200fc4738e0, 0x00000200fc47f460,
0x00000200fc47fe70, 0x00000200fc482c90, 0x00000200fc48c5c0, 0x00000200fc492490,
0x00000200fc493df0, 0x00000200fc4a0b40, 0x00000200fd0d04e0, 0x00000200fd0d34b0,
0x00000200fd0df970, 0x00000200fd0d14d0, 0x00000200fd98e3a0
}

Java Threads: ( => current thread )
  0x00000200dd1d7ad0 JavaThread "main" [_thread_in_vm, id=5312, stack(0x0000003147600000,0x0000003147700000)]
  0x00000200fc472b10 JavaThread "Reference Handler" daemon [_thread_blocked, id=19884, stack(0x0000003147d00000,0x0000003147e00000)]
  0x00000200fc4738e0 JavaThread "Finalizer" daemon [_thread_blocked, id=1544, stack(0x0000003147e00000,0x0000003147f00000)]
  0x00000200fc47f460 JavaThread "Signal Dispatcher" daemon [_thread_blocked, id=10728, stack(0x0000003147f00000,0x0000003148000000)]
  0x00000200fc47fe70 JavaThread "Attach Listener" daemon [_thread_blocked, id=10344, stack(0x0000003148000000,0x0000003148100000)]
  0x00000200fc482c90 JavaThread "Service Thread" daemon [_thread_blocked, id=21156, stack(0x0000003148100000,0x0000003148200000)]
  0x00000200fc48c5c0 JavaThread "Monitor Deflation Thread" daemon [_thread_blocked, id=9816, stack(0x0000003148200000,0x0000003148300000)]
  0x00000200fc492490 JavaThread "C2 CompilerThread0" daemon [_thread_blocked, id=5008, stack(0x0000003148300000,0x0000003148400000)]
  0x00000200fc493df0 JavaThread "C1 CompilerThread0" daemon [_thread_in_vm, id=15976, stack(0x0000003148400000,0x0000003148500000)]
  0x00000200fc4a0b40 JavaThread "Sweeper thread" daemon [_thread_blocked, id=2136, stack(0x0000003148500000,0x0000003148600000)]
  0x00000200fd0d04e0 JavaThread "Notification Thread" daemon [_thread_blocked, id=14588, stack(0x0000003148600000,0x0000003148700000)]
  0x00000200fd0d34b0 JavaThread "Common-Cleaner" daemon [_thread_blocked, id=2280, stack(0x0000003148800000,0x0000003148900000)]
=>0x00000200fd0df970 JavaThread "C2 CompilerThread1" daemon [_thread_in_native, id=9688, stack(0x0000003148900000,0x0000003148a00000)]
  0x00000200fd0d14d0 JavaThread "ReaderThread" [_thread_in_native, id=1380, stack(0x0000003148a00000,0x0000003148b00000)]
  0x00000200fd98e3a0 JavaThread "C2 CompilerThread2" daemon [_thread_in_native, id=9076, stack(0x0000003148b00000,0x0000003148c00000)]

Other Threads:
  0x00000200fc46efb0 VMThread "VM Thread" [stack: 0x0000003147c00000,0x0000003147d00000] [id=19724]
  0x00000200fd0d54b0 WatcherThread [stack: 0x0000003148700000,0x0000003148800000] [id=19776]
  0x00000200dd214870 GCTaskThread "GC Thread#0" [stack: 0x0000003147700000,0x0000003147800000] [id=13704]
  0x00000200fd95c2b0 GCTaskThread "GC Thread#1" [stack: 0x0000003148c00000,0x0000003148d00000] [id=14844]
  0x00000200fd95c5c0 GCTaskThread "GC Thread#2" [stack: 0x0000003148d00000,0x0000003148e00000] [id=15700]
  0x00000200fd95c8d0 GCTaskThread "GC Thread#3" [stack: 0x0000003148e00000,0x0000003148f00000] [id=16460]
  0x00000200fd95cbe0 GCTaskThread "GC Thread#4" [stack: 0x0000003148f00000,0x0000003149000000] [id=20760]
  0x00000200fe0039f0 GCTaskThread "GC Thread#5" [stack: 0x0000003149000000,0x0000003149100000] [id=15756]
  0x00000200dd2221c0 ConcurrentGCThread "G1 Main Marker" [stack: 0x0000003147800000,0x0000003147900000] [id=2888]
  0x00000200dd222b40 ConcurrentGCThread "G1 Conc#0" [stack: 0x0000003147900000,0x0000003147a00000] [id=2328]
  0x00000200dd296a70 ConcurrentGCThread "G1 Refine#0" [stack: 0x0000003147a00000,0x0000003147b00000] [id=18004]
  0x00000200fc3405e0 ConcurrentGCThread "G1 Service" [stack: 0x0000003147b00000,0x0000003147c00000] [id=3964]

Threads with active compile tasks:
C1 CompilerThread0      889 1356       3       java.util.RegularEnumSet::contains (57 bytes)
C2 CompilerThread1      889 1211   !   4       jdk.internal.loader.URLClassPath$JarLoader::getResource (65 bytes)
C2 CompilerThread2      889 1209       4       java.util.jar.JarFile::getEntry (35 bytes)

VM state: not at safepoint (normal execution)

VM Mutex/Monitor currently owned by a thread: None

Heap address: 0x0000000761c00000, size: 2532 MB, Compressed Oops mode: Zero based, Oop shift amount: 3

CDS archive(s) mapped at: [0x0000000800000000-0x0000000800bb0000-0x0000000800bb0000), size 12255232, SharedBaseAddress: 0x0000000800000000, ArchiveRelocationMode: 0.
Compressed class space mapped at: 0x0000000800c00000-0x0000000840c00000, reserved size: 1073741824
Narrow klass base: 0x0000000800000000, Narrow klass shift: 3, Narrow klass range: 0x100000000

GC Precious Log:
 CPUs: 8 total, 8 available
 Memory: 10120M
 Large Page Support: Disabled
 NUMA Support: Disabled
 Compressed Oops: Enabled (Zero based)
 Heap Region Size: 2M
 Heap Min Capacity: 8M
 Heap Initial Capacity: 160M
 Heap Max Capacity: 2532M
 Pre-touch: Disabled
 Parallel Workers: 8
 Concurrent Workers: 2
 Concurrent Refinement Workers: 8
 Periodic GC: Disabled

Heap:
 garbage-first heap   total 163840K, used 11257K [0x0000000761c00000, 0x0000000800000000)
  region size 2048K, 6 young (12288K), 2 survivors (4096K)
 Metaspace       used 6719K, committed 6912K, reserved 1056768K
  class space    used 803K, committed 896K, reserved 1048576K

Heap Regions: E=young(eden), S=young(survivor), O=old, HS=humongous(starts), HC=humongous(continues), CS=collection set, F=free, OA=open archive, CA=closed archive, TAMS=top-at-mark-start (previous, next)
|   0|0x0000000761c00000, 0x0000000761cfe600, 0x0000000761e00000| 49%| O|  |TAMS 0x0000000761c00000, 0x0000000761c00000| Untracked 
|   1|0x0000000761e00000, 0x0000000761e00000, 0x0000000762000000|  0%| F|  |TAMS 0x0000000761e00000, 0x0000000761e00000| Untracked 
|   2|0x0000000762000000, 0x0000000762000000, 0x0000000762200000|  0%| F|  |TAMS 0x0000000762000000, 0x0000000762000000| Untracked 
|   3|0x0000000762200000, 0x0000000762200000, 0x0000000762400000|  0%| F|  |TAMS 0x0000000762200000, 0x0000000762200000| Untracked 
|   4|0x0000000762400000, 0x0000000762400000, 0x0000000762600000|  0%| F|  |TAMS 0x0000000762400000, 0x0000000762400000| Untracked 
|   5|0x0000000762600000, 0x0000000762600000, 0x0000000762800000|  0%| F|  |TAMS 0x0000000762600000, 0x0000000762600000| Untracked 
|   6|0x0000000762800000, 0x0000000762800000, 0x0000000762a00000|  0%| F|  |TAMS 0x0000000762800000, 0x0000000762800000| Untracked 
|   7|0x0000000762a00000, 0x0000000762a00000, 0x0000000762c00000|  0%| F|  |TAMS 0x0000000762a00000, 0x0000000762a00000| Untracked 
|   8|0x0000000762c00000, 0x0000000762c00000, 0x0000000762e00000|  0%| F|  |TAMS 0x0000000762c00000, 0x0000000762c00000| Untracked 
|   9|0x0000000762e00000, 0x0000000762e00000, 0x0000000763000000|  0%| F|  |TAMS 0x0000000762e00000, 0x0000000762e00000| Untracked 
|  10|0x0000000763000000, 0x0000000763000000, 0x0000000763200000|  0%| F|  |TAMS 0x0000000763000000, 0x0000000763000000| Untracked 
|  11|0x0000000763200000, 0x0000000763200000, 0x0000000763400000|  0%| F|  |TAMS 0x0000000763200000, 0x0000000763200000| Untracked 
|  12|0x0000000763400000, 0x0000000763400000, 0x0000000763600000|  0%| F|  |TAMS 0x0000000763400000, 0x0000000763400000| Untracked 
|  13|0x0000000763600000, 0x0000000763600000, 0x0000000763800000|  0%| F|  |TAMS 0x0000000763600000, 0x0000000763600000| Untracked 
|  14|0x0000000763800000, 0x0000000763800000, 0x0000000763a00000|  0%| F|  |TAMS 0x0000000763800000, 0x0000000763800000| Untracked 
|  15|0x0000000763a00000, 0x0000000763a00000, 0x0000000763c00000|  0%| F|  |TAMS 0x0000000763a00000, 0x0000000763a00000| Untracked 
|  16|0x0000000763c00000, 0x0000000763c00000, 0x0000000763e00000|  0%| F|  |TAMS 0x0000000763c00000, 0x0000000763c00000| Untracked 
|  17|0x0000000763e00000, 0x0000000763e00000, 0x0000000764000000|  0%| F|  |TAMS 0x0000000763e00000, 0x0000000763e00000| Untracked 
|  18|0x0000000764000000, 0x0000000764000000, 0x0000000764200000|  0%| F|  |TAMS 0x0000000764000000, 0x0000000764000000| Untracked 
|  19|0x0000000764200000, 0x0000000764200000, 0x0000000764400000|  0%| F|  |TAMS 0x0000000764200000, 0x0000000764200000| Untracked 
|  20|0x0000000764400000, 0x0000000764400000, 0x0000000764600000|  0%| F|  |TAMS 0x0000000764400000, 0x0000000764400000| Untracked 
|  21|0x0000000764600000, 0x0000000764600000, 0x0000000764800000|  0%| F|  |TAMS 0x0000000764600000, 0x0000000764600000| Untracked 
|  22|0x0000000764800000, 0x0000000764800000, 0x0000000764a00000|  0%| F|  |TAMS 0x0000000764800000, 0x0000000764800000| Untracked 
|  23|0x0000000764a00000, 0x0000000764a00000, 0x0000000764c00000|  0%| F|  |TAMS 0x0000000764a00000, 0x0000000764a00000| Untracked 
|  24|0x0000000764c00000, 0x0000000764c00000, 0x0000000764e00000|  0%| F|  |TAMS 0x0000000764c00000, 0x0000000764c00000| Untracked 
|  25|0x0000000764e00000, 0x0000000764e00000, 0x0000000765000000|  0%| F|  |TAMS 0x0000000764e00000, 0x0000000764e00000| Untracked 
|  26|0x0000000765000000, 0x0000000765000000, 0x0000000765200000|  0%| F|  |TAMS 0x0000000765000000, 0x0000000765000000| Untracked 
|  27|0x0000000765200000, 0x0000000765200000, 0x0000000765400000|  0%| F|  |TAMS 0x0000000765200000, 0x0000000765200000| Untracked 
|  28|0x0000000765400000, 0x0000000765400000, 0x0000000765600000|  0%| F|  |TAMS 0x0000000765400000, 0x0000000765400000| Untracked 
|  29|0x0000000765600000, 0x0000000765600000, 0x0000000765800000|  0%| F|  |TAMS 0x0000000765600000, 0x0000000765600000| Untracked 
|  30|0x0000000765800000, 0x0000000765800000, 0x0000000765a00000|  0%| F|  |TAMS 0x0000000765800000, 0x0000000765800000| Untracked 
|  31|0x0000000765a00000, 0x0000000765a00000, 0x0000000765c00000|  0%| F|  |TAMS 0x0000000765a00000, 0x0000000765a00000| Untracked 
|  32|0x0000000765c00000, 0x0000000765c00000, 0x0000000765e00000|  0%| F|  |TAMS 0x0000000765c00000, 0x0000000765c00000| Untracked 
|  33|0x0000000765e00000, 0x0000000765e00000, 0x0000000766000000|  0%| F|  |TAMS 0x0000000765e00000, 0x0000000765e00000| Untracked 
|  34|0x0000000766000000, 0x0000000766000000, 0x0000000766200000|  0%| F|  |TAMS 0x0000000766000000, 0x0000000766000000| Untracked 
|  35|0x0000000766200000, 0x0000000766200000, 0x0000000766400000|  0%| F|  |TAMS 0x0000000766200000, 0x0000000766200000| Untracked 
|  36|0x0000000766400000, 0x0000000766400000, 0x0000000766600000|  0%| F|  |TAMS 0x0000000766400000, 0x0000000766400000| Untracked 
|  37|0x0000000766600000, 0x0000000766600000, 0x0000000766800000|  0%| F|  |TAMS 0x0000000766600000, 0x0000000766600000| Untracked 
|  38|0x0000000766800000, 0x0000000766800000, 0x0000000766a00000|  0%| F|  |TAMS 0x0000000766800000, 0x0000000766800000| Untracked 
|  39|0x0000000766a00000, 0x0000000766a00000, 0x0000000766c00000|  0%| F|  |TAMS 0x0000000766a00000, 0x0000000766a00000| Untracked 
|  40|0x0000000766c00000, 0x0000000766c00000, 0x0000000766e00000|  0%| F|  |TAMS 0x0000000766c00000, 0x0000000766c00000| Untracked 
|  41|0x0000000766e00000, 0x0000000766e00000, 0x0000000767000000|  0%| F|  |TAMS 0x0000000766e00000, 0x0000000766e00000| Untracked 
|  42|0x0000000767000000, 0x0000000767000000, 0x0000000767200000|  0%| F|  |TAMS 0x0000000767000000, 0x0000000767000000| Untracked 
|  43|0x0000000767200000, 0x0000000767200000, 0x0000000767400000|  0%| F|  |TAMS 0x0000000767200000, 0x0000000767200000| Untracked 
|  44|0x0000000767400000, 0x0000000767400000, 0x0000000767600000|  0%| F|  |TAMS 0x0000000767400000, 0x0000000767400000| Untracked 
|  45|0x0000000767600000, 0x0000000767600000, 0x0000000767800000|  0%| F|  |TAMS 0x0000000767600000, 0x0000000767600000| Untracked 
|  46|0x0000000767800000, 0x0000000767800000, 0x0000000767a00000|  0%| F|  |TAMS 0x0000000767800000, 0x0000000767800000| Untracked 
|  47|0x0000000767a00000, 0x0000000767a00000, 0x0000000767c00000|  0%| F|  |TAMS 0x0000000767a00000, 0x0000000767a00000| Untracked 
|  48|0x0000000767c00000, 0x0000000767c00000, 0x0000000767e00000|  0%| F|  |TAMS 0x0000000767c00000, 0x0000000767c00000| Untracked 
|  49|0x0000000767e00000, 0x0000000767e00000, 0x0000000768000000|  0%| F|  |TAMS 0x0000000767e00000, 0x0000000767e00000| Untracked 
|  50|0x0000000768000000, 0x0000000768000000, 0x0000000768200000|  0%| F|  |TAMS 0x0000000768000000, 0x0000000768000000| Untracked 
|  51|0x0000000768200000, 0x0000000768200000, 0x0000000768400000|  0%| F|  |TAMS 0x0000000768200000, 0x0000000768200000| Untracked 
|  52|0x0000000768400000, 0x0000000768400000, 0x0000000768600000|  0%| F|  |TAMS 0x0000000768400000, 0x0000000768400000| Untracked 
|  53|0x0000000768600000, 0x0000000768600000, 0x0000000768800000|  0%| F|  |TAMS 0x0000000768600000, 0x0000000768600000| Untracked 
|  54|0x0000000768800000, 0x0000000768800000, 0x0000000768a00000|  0%| F|  |TAMS 0x0000000768800000, 0x0000000768800000| Untracked 
|  55|0x0000000768a00000, 0x0000000768a00000, 0x0000000768c00000|  0%| F|  |TAMS 0x0000000768a00000, 0x0000000768a00000| Untracked 
|  56|0x0000000768c00000, 0x0000000768c00000, 0x0000000768e00000|  0%| F|  |TAMS 0x0000000768c00000, 0x0000000768c00000| Untracked 
|  57|0x0000000768e00000, 0x0000000768e00000, 0x0000000769000000|  0%| F|  |TAMS 0x0000000768e00000, 0x0000000768e00000| Untracked 
|  58|0x0000000769000000, 0x0000000769000000, 0x0000000769200000|  0%| F|  |TAMS 0x0000000769000000, 0x0000000769000000| Untracked 
|  59|0x0000000769200000, 0x0000000769200000, 0x0000000769400000|  0%| F|  |TAMS 0x0000000769200000, 0x0000000769200000| Untracked 
|  60|0x0000000769400000, 0x0000000769400000, 0x0000000769600000|  0%| F|  |TAMS 0x0000000769400000, 0x0000000769400000| Untracked 
|  61|0x0000000769600000, 0x0000000769600000, 0x0000000769800000|  0%| F|  |TAMS 0x0000000769600000, 0x0000000769600000| Untracked 
|  62|0x0000000769800000, 0x0000000769800000, 0x0000000769a00000|  0%| F|  |TAMS 0x0000000769800000, 0x0000000769800000| Untracked 
|  63|0x0000000769a00000, 0x0000000769a00000, 0x0000000769c00000|  0%| F|  |TAMS 0x0000000769a00000, 0x0000000769a00000| Untracked 
|  64|0x0000000769c00000, 0x0000000769c00000, 0x0000000769e00000|  0%| F|  |TAMS 0x0000000769c00000, 0x0000000769c00000| Untracked 
|  65|0x0000000769e00000, 0x0000000769e00000, 0x000000076a000000|  0%| F|  |TAMS 0x0000000769e00000, 0x0000000769e00000| Untracked 
|  66|0x000000076a000000, 0x000000076a000000, 0x000000076a200000|  0%| F|  |TAMS 0x000000076a000000, 0x000000076a000000| Untracked 
|  67|0x000000076a200000, 0x000000076a400000, 0x000000076a400000|100%| S|CS|TAMS 0x000000076a200000, 0x000000076a200000| Complete 
|  68|0x000000076a400000, 0x000000076a600000, 0x000000076a600000|100%| S|CS|TAMS 0x000000076a400000, 0x000000076a400000| Complete 
|  69|0x000000076a600000, 0x000000076a600000, 0x000000076a800000|  0%| F|  |TAMS 0x000000076a600000, 0x000000076a600000| Untracked 
|  70|0x000000076a800000, 0x000000076a800000, 0x000000076aa00000|  0%| F|  |TAMS 0x000000076a800000, 0x000000076a800000| Untracked 
|  71|0x000000076aa00000, 0x000000076aa00000, 0x000000076ac00000|  0%| F|  |TAMS 0x000000076aa00000, 0x000000076aa00000| Untracked 
|  72|0x000000076ac00000, 0x000000076ac00000, 0x000000076ae00000|  0%| F|  |TAMS 0x000000076ac00000, 0x000000076ac00000| Untracked 
|  73|0x000000076ae00000, 0x000000076ae00000, 0x000000076b000000|  0%| F|  |TAMS 0x000000076ae00000, 0x000000076ae00000| Untracked 
|  74|0x000000076b000000, 0x000000076b000000, 0x000000076b200000|  0%| F|  |TAMS 0x000000076b000000, 0x000000076b000000| Untracked 
|  75|0x000000076b200000, 0x000000076b200000, 0x000000076b400000|  0%| F|  |TAMS 0x000000076b200000, 0x000000076b200000| Untracked 
|  76|0x000000076b400000, 0x000000076b481728, 0x000000076b600000| 25%| E|  |TAMS 0x000000076b400000, 0x000000076b400000| Complete 
|  77|0x000000076b600000, 0x000000076b800000, 0x000000076b800000|100%| E|CS|TAMS 0x000000076b600000, 0x000000076b600000| Complete 
|  78|0x000000076b800000, 0x000000076ba00000, 0x000000076ba00000|100%| E|CS|TAMS 0x000000076b800000, 0x000000076b800000| Complete 
|  79|0x000000076ba00000, 0x000000076bc00000, 0x000000076bc00000|100%| E|CS|TAMS 0x000000076ba00000, 0x000000076ba00000| Complete 

Card table byte_map: [0x00000200f4180000,0x00000200f4680000] _byte_map_base: 0x00000200f0672000

Marking Bits (Prev, Next): (CMBitMap*) 0x00000200dd217210, (CMBitMap*) 0x00000200dd217250
 Prev Bits: [0x00000200f4b80000, 0x00000200f7310000)
 Next Bits: [0x00000200f7310000, 0x00000200f9aa0000)

Polling page: 0x00000200db150000

Metaspace:

Usage:
  Non-class:      5.79 MB used.
      Class:    806.61 KB used.
       Both:      6.58 MB used.

Virtual space:
  Non-class space:        8.00 MB reserved,       5.88 MB ( 73%) committed,  1 nodes.
      Class space:        1.00 GB reserved,     896.00 KB ( <1%) committed,  1 nodes.
              Both:        1.01 GB reserved,       6.75 MB ( <1%) committed. 

Chunk freelists:
   Non-Class:  1008.00 KB
       Class:  3.06 MB
        Both:  4.05 MB

MaxMetaspaceSize: 17179869184.00 GB
CompressedClassSpaceSize: 1.00 GB
 - commit_granule_bytes: 65536.
 - commit_granule_words: 8192.
 - virtual_space_node_default_size: 1048576.
 - enlarge_chunks_in_place: 1.
 - new_chunks_are_fully_committed: 0.
 - uncommit_free_chunks: 1.
 - use_allocation_guard: 0.
 - handle_deallocations: 1.


Internal statistics:

num_allocs_failed_limit: 0.
num_arena_births: 92.
num_arena_deaths: 0.
num_vsnodes_births: 2.
num_vsnodes_deaths: 0.
num_space_committed: 108.
num_space_uncommitted: 0.
num_chunks_returned_to_freelist: 0.
num_chunks_taken_from_freelist: 315.
num_chunk_merges: 0.
num_chunk_splits: 171.
num_chunks_enlarged: 113.
num_purges: 0.

CodeHeap 'non-profiled nmethods': size=120000Kb used=474Kb max_used=474Kb free=119525Kb
 bounds [0x00000200ec420000, 0x00000200ec690000, 0x00000200f3950000]
CodeHeap 'profiled nmethods': size=120000Kb used=2605Kb max_used=2605Kb free=117394Kb
 bounds [0x00000200e4ef0000, 0x00000200e5180000, 0x00000200ec420000]
CodeHeap 'non-nmethods': size=5760Kb used=1161Kb max_used=1183Kb free=4598Kb
 bounds [0x00000200e4950000, 0x00000200e4bc0000, 0x00000200e4ef0000]
 total_blobs=1811 nmethods=1363 adapters=361
 compilation: enabled
              stopped_count=0, restarted_count=0
 full_count=0

Compilation events (20 events):
Event: 0.835 Thread 0x00000200fc492490 nmethod 1255 0x00000200ec490410 code [0x00000200ec490580, 0x00000200ec4905f8]
Event: 0.835 Thread 0x00000200fc492490 1283       4       org.springframework.core.annotation.AttributeMethods::size (6 bytes)
Event: 0.835 Thread 0x00000200fc492490 nmethod 1283 0x00000200ec490710 code [0x00000200ec4908a0, 0x00000200ec490938]
Event: 0.836 Thread 0x00000200fc492490 1288       4       jdk.internal.org.objectweb.asm.ByteVector::put12 (64 bytes)
Event: 0.836 Thread 0x00000200fc493df0 1289       3       java.lang.reflect.Modifier::isAbstract (14 bytes)
Event: 0.837 Thread 0x00000200fc493df0 nmethod 1289 0x00000200e5154a90 code [0x00000200e5154c20, 0x00000200e5154d78]
Event: 0.838 Thread 0x00000200fc492490 nmethod 1288 0x00000200ec490a10 code [0x00000200ec490ba0, 0x00000200ec490d48]
Event: 0.838 Thread 0x00000200fc492490 1290       4       java.lang.AbstractStringBuilder::newCapacity (59 bytes)
Event: 0.839 Thread 0x00000200fc493df0 1291       3       jdk.internal.reflect.ConstructorAccessorImpl::<init> (5 bytes)
Event: 0.839 Thread 0x00000200fc493df0 nmethod 1291 0x00000200e5154e10 code [0x00000200e5154fc0, 0x00000200e5155178]
Event: 0.840 Thread 0x00000200fc492490 nmethod 1290 0x00000200ec490e90 code [0x00000200ec491020, 0x00000200ec491118]
Event: 0.840 Thread 0x00000200fc493df0 1292       3       java.util.Optional::ofNullable (19 bytes)
Event: 0.841 Thread 0x00000200fc493df0 nmethod 1292 0x00000200e5155290 code [0x00000200e5155440, 0x00000200e5155718]
Event: 0.841 Thread 0x00000200fc493df0 1293       3       java.util.regex.Pattern$BmpCharProperty::match (55 bytes)
Event: 0.841 Thread 0x00000200fc493df0 nmethod 1293 0x00000200e5155810 code [0x00000200e5155a00, 0x00000200e5155ec8]
Event: 0.841 Thread 0x00000200fc493df0 1294       3       java.util.regex.Matcher::groupCount (10 bytes)
Event: 0.842 Thread 0x00000200fc493df0 nmethod 1294 0x00000200e5156010 code [0x00000200e51561a0, 0x00000200e51562b8]
Event: 0.846 Thread 0x00000200fc493df0 1295       3       org.springframework.util.ConcurrentReferenceHashMap$Segment::getIndex (7 bytes)
Event: 0.846 Thread 0x00000200fc493df0 nmethod 1295 0x00000200e5156390 code [0x00000200e5156520, 0x00000200e5156638]
Event: 0.846 Thread 0x00000200fc493df0 1299       3       org.springframework.util.ConcurrentReferenceHashMap$Segment::findInChain (66 bytes)

GC Heap History (2 events):
Event: 0.709 GC heap before
{Heap before GC invocations=0 (full 0):
 garbage-first heap   total 163840K, used 20480K [0x0000000761c00000, 0x0000000800000000)
  region size 2048K, 11 young (22528K), 0 survivors (0K)
 Metaspace       used 5398K, committed 5504K, reserved 1056768K
  class space    used 652K, committed 704K, reserved 1048576K
}
Event: 0.713 GC heap after
{Heap after GC invocations=1 (full 0):
 garbage-first heap   total 163840K, used 5113K [0x0000000761c00000, 0x0000000800000000)
  region size 2048K, 2 young (4096K), 2 survivors (4096K)
 Metaspace       used 5398K, committed 5504K, reserved 1056768K
  class space    used 652K, committed 704K, reserved 1048576K
}

Deoptimization events (20 events):
Event: 0.747 Thread 0x00000200dd1d7ad0 DEOPT PACKING pc=0x00000200ec425338 sp=0x00000031476fb0e0
Event: 0.747 Thread 0x00000200dd1d7ad0 DEOPT UNPACKING pc=0x00000200e499d72e sp=0x00000031476fb070 mode 2
Event: 0.800 Thread 0x00000200dd1d7ad0 DEOPT PACKING pc=0x00000200e5091fd2 sp=0x00000031476fb840
Event: 0.800 Thread 0x00000200dd1d7ad0 DEOPT UNPACKING pc=0x00000200e499dece sp=0x00000031476fac90 mode 0
Event: 0.819 Thread 0x00000200dd1d7ad0 Uncommon trap: trap_request=0xffffffde fr.pc=0x00000200ec461abc relative=0x000000000000019c
Event: 0.819 Thread 0x00000200dd1d7ad0 Uncommon trap: reason=class_check action=maybe_recompile pc=0x00000200ec461abc method=java.lang.String.equals(Ljava/lang/Object;)Z @ 8 c2
Event: 0.819 Thread 0x00000200dd1d7ad0 DEOPT PACKING pc=0x00000200ec461abc sp=0x00000031476fcdd0
Event: 0.819 Thread 0x00000200dd1d7ad0 DEOPT UNPACKING pc=0x00000200e499d72e sp=0x00000031476fcd78 mode 2
Event: 0.823 Thread 0x00000200dd1d7ad0 Uncommon trap: trap_request=0xffffffde fr.pc=0x00000200ec461abc relative=0x000000000000019c
Event: 0.823 Thread 0x00000200dd1d7ad0 Uncommon trap: reason=class_check action=maybe_recompile pc=0x00000200ec461abc method=java.lang.String.equals(Ljava/lang/Object;)Z @ 8 c2
Event: 0.823 Thread 0x00000200dd1d7ad0 DEOPT PACKING pc=0x00000200ec461abc sp=0x00000031476fcdd0
Event: 0.823 Thread 0x00000200dd1d7ad0 DEOPT UNPACKING pc=0x00000200e499d72e sp=0x00000031476fcd78 mode 2
Event: 0.823 Thread 0x00000200dd1d7ad0 Uncommon trap: trap_request=0xffffffde fr.pc=0x00000200ec461abc relative=0x000000000000019c
Event: 0.824 Thread 0x00000200dd1d7ad0 Uncommon trap: reason=class_check action=maybe_recompile pc=0x00000200ec461abc method=java.lang.String.equals(Ljava/lang/Object;)Z @ 8 c2
Event: 0.824 Thread 0x00000200dd1d7ad0 DEOPT PACKING pc=0x00000200ec461abc sp=0x00000031476fcdd0
Event: 0.824 Thread 0x00000200dd1d7ad0 DEOPT UNPACKING pc=0x00000200e499d72e sp=0x00000031476fcd78 mode 2
Event: 0.824 Thread 0x00000200dd1d7ad0 Uncommon trap: trap_request=0xffffffde fr.pc=0x00000200ec461abc relative=0x000000000000019c
Event: 0.824 Thread 0x00000200dd1d7ad0 Uncommon trap: reason=class_check action=maybe_recompile pc=0x00000200ec461abc method=java.lang.String.equals(Ljava/lang/Object;)Z @ 8 c2
Event: 0.824 Thread 0x00000200dd1d7ad0 DEOPT PACKING pc=0x00000200ec461abc sp=0x00000031476fcdd0
Event: 0.824 Thread 0x00000200dd1d7ad0 DEOPT UNPACKING pc=0x00000200e499d72e sp=0x00000031476fcd78 mode 2

Classes unloaded (0 events):
No events

Classes redefined (0 events):
No events

Internal exceptions (20 events):
Event: 0.517 Thread 0x00000200dd1d7ad0 Exception <a 'java/lang/NoSuchMethodError'{0x000000076ac26d20}: 'void java.lang.invoke.DirectMethodHandle$Holder.invokeInterface(java.lang.Object, java.lang.Object, java.lang.Object)'> (0x000000076ac26d20) 
thrown [t:\workspace\open\src\hotspot\share\interpreter\linkResolver.cpp, line 790]
Event: 0.523 Thread 0x00000200dd1d7ad0 Exception <a 'java/lang/NoSuchMethodError'{0x000000076ac670f8}: 'java.lang.Object java.lang.invoke.DirectMethodHandle$Holder.newInvokeSpecial(java.lang.Object, java.lang.Object, java.lang.Object, java.lang.Object, java.lang.Object, java.lang.Object)'> (0x000000076ac670f8) 
thrown [t:\workspace\open\src\hotspot\share\interpreter\linkResolver.cpp, line 790]
Event: 0.529 Thread 0x00000200dd1d7ad0 Exception <a 'java/lang/NoSuchMethodError'{0x000000076acab798}: 'void java.lang.invoke.DirectMethodHandle$Holder.invokeInterface(java.lang.Object, java.lang.Object, java.lang.Object, java.lang.Object, java.lang.Object)'> (0x000000076acab798) 
thrown [t:\workspace\open\src\hotspot\share\interpreter\linkResolver.cpp, line 790]
Event: 0.529 Thread 0x00000200dd1d7ad0 Exception <a 'java/lang/IncompatibleClassChangeError'{0x000000076acaf668}: Found class java.lang.Object, but interface was expected> (0x000000076acaf668) 
thrown [t:\workspace\open\src\hotspot\share\interpreter\linkResolver.cpp, line 857]
Event: 0.542 Thread 0x00000200dd1d7ad0 Exception <a 'java/lang/IncompatibleClassChangeError'{0x000000076ace90d8}: Found class java.lang.Object, but interface was expected> (0x000000076ace90d8) 
thrown [t:\workspace\open\src\hotspot\share\interpreter\linkResolver.cpp, line 857]
Event: 0.547 Thread 0x00000200dd1d7ad0 Exception <a 'java/lang/NoSuchMethodError'{0x000000076ad0c948}: 'void java.lang.invoke.DirectMethodHandle$Holder.invokeSpecial(java.lang.Object, java.lang.Object, java.lang.Object, java.lang.Object, java.lang.Object)'> (0x000000076ad0c948) 
thrown [t:\workspace\open\src\hotspot\share\interpreter\linkResolver.cpp, line 790]
Event: 0.565 Thread 0x00000200dd1d7ad0 Exception <a 'java/lang/NoSuchMethodError'{0x000000076ad77e50}: 'java.lang.Object java.lang.invoke.DirectMethodHandle$Holder.invokeVirtual(java.lang.Object, java.lang.Object, java.lang.Object)'> (0x000000076ad77e50) 
thrown [t:\workspace\open\src\hotspot\share\interpreter\linkResolver.cpp, line 790]
Event: 0.572 Thread 0x00000200dd1d7ad0 Exception <a 'java/lang/NoSuchMethodError'{0x000000076adb80a8}: 'void java.lang.invoke.DirectMethodHandle$Holder.invokeInterface(java.lang.Object, java.lang.Object, java.lang.Object, java.lang.Object)'> (0x000000076adb80a8) 
thrown [t:\workspace\open\src\hotspot\share\interpreter\linkResolver.cpp, line 790]
Event: 0.573 Thread 0x00000200dd1d7ad0 Exception <a 'java/lang/IncompatibleClassChangeError'{0x000000076adbbbd0}: Found class java.lang.Object, but interface was expected> (0x000000076adbbbd0) 
thrown [t:\workspace\open\src\hotspot\share\interpreter\linkResolver.cpp, line 857]
Event: 0.575 Thread 0x00000200dd1d7ad0 Exception <a 'java/lang/NoSuchMethodError'{0x000000076add4b60}: 'void java.lang.invoke.DirectMethodHandle$Holder.invokeStatic(java.lang.Object, java.lang.Object, java.lang.Object, java.lang.Object)'> (0x000000076add4b60) 
thrown [t:\workspace\open\src\hotspot\share\interpreter\linkResolver.cpp, line 790]
Event: 0.585 Thread 0x00000200dd1d7ad0 Exception <a 'java/lang/NoSuchMethodError'{0x000000076aa39160}: 'int java.lang.invoke.DirectMethodHandle$Holder.invokeStatic(java.lang.Object, java.lang.Object, java.lang.Object, java.lang.Object)'> (0x000000076aa39160) 
thrown [t:\workspace\open\src\hotspot\share\interpreter\linkResolver.cpp, line 790]
Event: 0.586 Thread 0x00000200dd1d7ad0 Exception <a 'java/lang/NoSuchMethodError'{0x000000076aa3ccb8}: 'java.lang.Object java.lang.invoke.Invokers$Holder.invokeExact_MT(java.lang.Object, java.lang.Object, java.lang.Object, java.lang.Object, java.lang.Object, java.lang.Object)'> (0x000000076aa3ccb8) 
thrown [t:\workspace\open\src\hotspot\share\interpreter\linkResolver.cpp, line 790]
Event: 0.587 Thread 0x00000200dd1d7ad0 Exception <a 'java/lang/NoSuchMethodError'{0x000000076aa4d058}: 'int java.lang.invoke.DirectMethodHandle$Holder.invokeStatic(java.lang.Object, java.lang.Object, java.lang.Object, java.lang.Object, java.lang.Object)'> (0x000000076aa4d058) 
thrown [t:\workspace\open\src\hotspot\share\interpreter\linkResolver.cpp, line 790]
Event: 0.616 Thread 0x00000200dd1d7ad0 Exception <a 'java/lang/NoSuchMethodError'{0x000000076ab78ba8}: 'int java.lang.invoke.DirectMethodHandle$Holder.invokeStaticInit(java.lang.Object, java.lang.Object, java.lang.Object)'> (0x000000076ab78ba8) 
thrown [t:\workspace\open\src\hotspot\share\interpreter\linkResolver.cpp, line 790]
Event: 0.622 Thread 0x00000200dd1d7ad0 Exception <a 'java/lang/NoSuchMethodError'{0x000000076abaea30}: 'int java.lang.invoke.DirectMethodHandle$Holder.invokeStaticInit(java.lang.Object, java.lang.Object)'> (0x000000076abaea30) 
thrown [t:\workspace\open\src\hotspot\share\interpreter\linkResolver.cpp, line 790]
Event: 0.695 Thread 0x00000200dd1d7ad0 Exception <a 'java/lang/ClassNotFoundException'{0x000000076a79d1c0}: javax/smartcardio/CardPermission> (0x000000076a79d1c0) 
thrown [t:\workspace\open\src\hotspot\share\classfile\systemDictionary.cpp, line 256]
Event: 0.698 Thread 0x00000200dd1d7ad0 Exception <a 'java/io/FileNotFoundException'{0x000000076a7abaf0}> (0x000000076a7abaf0) 
thrown [t:\workspace\open\src\hotspot\share\prims\jni.cpp, line 579]
Event: 0.759 Thread 0x00000200dd1d7ad0 Exception <a 'java/lang/NoSuchMethodError'{0x000000076bbda9d8}: 'org.slf4j.impl.StaticMDCBinder org.slf4j.impl.StaticMDCBinder.getSingleton()'> (0x000000076bbda9d8) 
thrown [t:\workspace\open\src\hotspot\share\interpreter\linkResolver.cpp, line 790]
Event: 0.775 Thread 0x00000200dd1d7ad0 Exception <a 'java/lang/IncompatibleClassChangeError'{0x000000076b869f98}: Found class java.lang.Object, but interface was expected> (0x000000076b869f98) 
thrown [t:\workspace\open\src\hotspot\share\interpreter\linkResolver.cpp, line 857]
Event: 0.826 Thread 0x00000200dd1d7ad0 Exception <a 'java/lang/NoSuchMethodError'{0x000000076b6113b8}: 'int java.lang.invoke.DirectMethodHandle$Holder.invokeInterface(java.lang.Object, java.lang.Object)'> (0x000000076b6113b8) 
thrown [t:\workspace\open\src\hotspot\share\interpreter\linkResolver.cpp, line 790]

Events (20 events):
Event: 0.768 loading class java/lang/Byte$ByteCache
Event: 0.768 loading class java/lang/Byte$ByteCache done
Event: 0.768 loading class java/lang/Short$ShortCache
Event: 0.768 loading class java/lang/Short$ShortCache done
Event: 0.773 Executing  VM operation: HandshakeAllThreads
Event: 0.773 Executing  VM operation: HandshakeAllThreads done
Event: 0.779 loading class java/util/concurrent/ConcurrentLinkedDeque
Event: 0.779 loading class java/util/concurrent/ConcurrentLinkedDeque done
Event: 0.779 loading class java/util/concurrent/ConcurrentLinkedDeque$Node
Event: 0.779 loading class java/util/concurrent/ConcurrentLinkedDeque$Node done
Event: 0.782 loading class java/util/NoSuchElementException
Event: 0.782 loading class java/util/NoSuchElementException done
Event: 0.831 Executing  VM operation: HandshakeAllThreads
Event: 0.831 Executing  VM operation: HandshakeAllThreads done
Event: 0.840 loading class java/util/AbstractList$ListItr
Event: 0.840 loading class java/util/AbstractList$Itr
Event: 0.840 loading class java/util/AbstractList$Itr done
Event: 0.840 loading class java/util/AbstractList$ListItr done
Event: 0.844 loading class java/lang/ThreadLocal$SuppliedThreadLocal
Event: 0.844 loading class java/lang/ThreadLocal$SuppliedThreadLocal done


Dynamic libraries:
0x00007ff6e28b0000 - 0x00007ff6e28c0000 	C:\Program Files\Java\jdk-16.0.1\bin\javaw.exe
0x00007ffcd4030000 - 0x00007ffcd4225000 	C:\WINDOWS\SYSTEM32\ntdll.dll
0x00007ffcd3f20000 - 0x00007ffcd3fde000 	C:\WINDOWS\System32\KERNEL32.DLL
0x00007ffcd17a0000 - 0x00007ffcd1a69000 	C:\WINDOWS\System32\KERNELBASE.dll
0x00007ffcd1d10000 - 0x00007ffcd1e10000 	C:\WINDOWS\System32\ucrtbase.dll
0x00007ffccbd60000 - 0x00007ffccbd78000 	C:\Program Files\Java\jdk-16.0.1\bin\jli.dll
0x00007ffcbeca0000 - 0x00007ffcbecb9000 	C:\Program Files\Java\jdk-16.0.1\bin\VCRUNTIME140.dll
0x00007ffcd3860000 - 0x00007ffcd390c000 	C:\WINDOWS\System32\ADVAPI32.dll
0x00007ffcd3230000 - 0x00007ffcd32ce000 	C:\WINDOWS\System32\msvcrt.dll
0x00007ffcd3910000 - 0x00007ffcd39ab000 	C:\WINDOWS\System32\sechost.dll
0x00007ffcd3730000 - 0x00007ffcd385a000 	C:\WINDOWS\System32\RPCRT4.dll
0x00007ffcd21f0000 - 0x00007ffcd2391000 	C:\WINDOWS\System32\USER32.dll
0x00007ffcd1e10000 - 0x00007ffcd1e32000 	C:\WINDOWS\System32\win32u.dll
0x00007ffcc33e0000 - 0x00007ffcc367a000 	C:\WINDOWS\WinSxS\amd64_microsoft.windows.common-controls_6595b64144ccf1df_6.0.19041.1110_none_60b5254171f9507e\COMCTL32.dll
0x00007ffcd21c0000 - 0x00007ffcd21eb000 	C:\WINDOWS\System32\GDI32.dll
0x00007ffcd1ad0000 - 0x00007ffcd1bdb000 	C:\WINDOWS\System32\gdi32full.dll
0x00007ffcd1be0000 - 0x00007ffcd1c7d000 	C:\WINDOWS\System32\msvcp_win.dll
0x00007ffccb2a0000 - 0x00007ffccb2aa000 	C:\WINDOWS\SYSTEM32\VERSION.dll
0x00007ffcd3200000 - 0x00007ffcd3230000 	C:\WINDOWS\System32\IMM32.DLL
0x00007ffcccc40000 - 0x00007ffcccc4c000 	C:\Program Files\Java\jdk-16.0.1\bin\vcruntime140_1.dll
0x00007ffc9d800000 - 0x00007ffc9d891000 	C:\Program Files\Java\jdk-16.0.1\bin\msvcp140.dll
0x00007ffc69cb0000 - 0x00007ffc6a85b000 	C:\Program Files\Java\jdk-16.0.1\bin\server\jvm.dll
0x00007ffcd3450000 - 0x00007ffcd3458000 	C:\WINDOWS\System32\PSAPI.DLL
0x00007ffcc3f70000 - 0x00007ffcc3f97000 	C:\WINDOWS\SYSTEM32\WINMM.dll
0x00007ffcca080000 - 0x00007ffcca089000 	C:\WINDOWS\SYSTEM32\WSOCK32.dll
0x00007ffcd36a0000 - 0x00007ffcd370b000 	C:\WINDOWS\System32\WS2_32.dll
0x00007ffcd0020000 - 0x00007ffcd0032000 	C:\WINDOWS\SYSTEM32\kernel.appcore.dll
0x00007ffccc1d0000 - 0x00007ffccc1da000 	C:\Program Files\Java\jdk-16.0.1\bin\jimage.dll
0x00007ffccea20000 - 0x00007ffccec04000 	C:\WINDOWS\SYSTEM32\DBGHELP.DLL
0x00007ffcc95b0000 - 0x00007ffcc95dc000 	C:\WINDOWS\SYSTEM32\dbgcore.DLL
0x00007ffcd1c80000 - 0x00007ffcd1d03000 	C:\WINDOWS\System32\bcryptPrimitives.dll
0x00007ffcbcf80000 - 0x00007ffcbcfa5000 	C:\Program Files\Java\jdk-16.0.1\bin\java.dll
0x00007ffcd2820000 - 0x00007ffcd2f5f000 	C:\WINDOWS\System32\SHELL32.dll
0x00007ffccf760000 - 0x00007ffccfef0000 	C:\WINDOWS\SYSTEM32\windows.storage.dll
0x00007ffcd39b0000 - 0x00007ffcd3d05000 	C:\WINDOWS\System32\combase.dll
0x00007ffcd11a0000 - 0x00007ffcd11cc000 	C:\WINDOWS\SYSTEM32\Wldp.dll
0x00007ffcd33a0000 - 0x00007ffcd344e000 	C:\WINDOWS\System32\SHCORE.dll
0x00007ffcd2080000 - 0x00007ffcd20d5000 	C:\WINDOWS\System32\shlwapi.dll
0x00007ffcd1690000 - 0x00007ffcd16af000 	C:\WINDOWS\SYSTEM32\profapi.dll
0x00007ffcb7970000 - 0x00007ffcb7989000 	C:\Program Files\Java\jdk-16.0.1\bin\net.dll
0x00007ffcc8340000 - 0x00007ffcc8448000 	C:\WINDOWS\SYSTEM32\WINHTTP.dll
0x00007ffcd0f00000 - 0x00007ffcd0f6a000 	C:\WINDOWS\system32\mswsock.dll
0x00007ffcb7790000 - 0x00007ffcb77a3000 	C:\Program Files\Java\jdk-16.0.1\bin\nio.dll
0x00007ffcafb70000 - 0x00007ffcafb88000 	C:\Program Files\Java\jdk-16.0.1\bin\zip.dll
0x00007ffccc170000 - 0x00007ffccc180000 	C:\Program Files\Java\jdk-16.0.1\bin\verify.dll
0x00007ffcd0b80000 - 0x00007ffcd0bbb000 	C:\WINDOWS\SYSTEM32\IPHLPAPI.DLL
0x00007ffcd3fe0000 - 0x00007ffcd3fe8000 	C:\WINDOWS\System32\NSI.dll
0x00007ffccafc0000 - 0x00007ffccafd7000 	C:\WINDOWS\SYSTEM32\dhcpcsvc6.DLL
0x00007ffccaf60000 - 0x00007ffccaf7d000 	C:\WINDOWS\SYSTEM32\dhcpcsvc.DLL
0x00007ffcd0bc0000 - 0x00007ffcd0c8c000 	C:\WINDOWS\SYSTEM32\DNSAPI.dll

dbghelp: loaded successfully - version: 4.0.5 - missing functions: none
symbol engine: initialized successfully - sym options: 0x614 - pdb path: .;C:\Program Files\Java\jdk-16.0.1\bin;C:\WINDOWS\SYSTEM32;C:\WINDOWS\WinSxS\amd64_microsoft.windows.common-controls_6595b64144ccf1df_6.0.19041.1110_none_60b5254171f9507e;C:\Program Files\Java\jdk-16.0.1\bin\server

VM Arguments:
jvm_args: -ea -Dfile.encoding=UTF-8 -XX:+ShowCodeDetailsInExceptionMessages 
java_command: org.eclipse.jdt.internal.junit.runner.RemoteTestRunner -version 3 -port 63724 -testLoaderClass org.eclipse.jdt.internal.junit5.runner.JUnit5TestLoader -loaderpluginname org.eclipse.jdt.junit5.runtime -classNames com.prekes.web.prekesweb.controller.ZmogusRestControllerTest
java_class_path (initial): H:\eclipse-workspace\prekes-web\target\test-classes;H:\eclipse-workspace\prekes-web\target\classes;C:\Users\margo\.m2\repository\org\springframework\boot\spring-boot-starter-web\2.5.4\spring-boot-starter-web-2.5.4.jar;C:\Users\margo\.m2\repository\org\springframework\boot\spring-boot-starter\2.5.4\spring-boot-starter-2.5.4.jar;C:\Users\margo\.m2\repository\org\springframework\boot\spring-boot-starter-logging\2.5.4\spring-boot-starter-logging-2.5.4.jar;C:\Users\margo\.m2\repository\ch\qos\logback\logback-classic\1.2.5\logback-classic-1.2.5.jar;C:\Users\margo\.m2\repository\ch\qos\logback\logback-core\1.2.5\logback-core-1.2.5.jar;C:\Users\margo\.m2\repository\org\apache\logging\log4j\log4j-to-slf4j\2.14.1\log4j-to-slf4j-2.14.1.jar;C:\Users\margo\.m2\repository\org\apache\logging\log4j\log4j-api\2.14.1\log4j-api-2.14.1.jar;C:\Users\margo\.m2\repository\org\slf4j\jul-to-slf4j\1.7.32\jul-to-slf4j-1.7.32.jar;C:\Users\margo\.m2\repository\jakarta\annotation\jakarta.annotation-api\1.3.5\jakarta.annotation-api-1.3.5.jar;C:\Users\margo\.m2\repository\org\yaml\snakeyaml\1.28\snakeyaml-1.28.jar;C:\Users\margo\.m2\repository\org\springframework\boot\spring-boot-starter-json\2.5.4\spring-boot-starter-json-2.5.4.jar;C:\Users\margo\.m2\repository\com\fasterxml\jackson\core\jackson-databind\2.12.4\jackson-databind-2.12.4.jar;C:\Users\margo\.m2\repository\com\fasterxml\jackson\core\jackson-annotations\2.12.4\jackson-annotations-2.12.4.jar;C:\Users\margo\.m2\repository\com\fasterxml\jackson\core\jackson-core\2.12.4\jackson-core-2.12.4.jar;C:\Users\margo\.m2\repository\com\fasterxml\jackson\datatype\jackson-datatype-jdk8\2.12.4\jackson-datatype-jdk8-2.12.4.jar;C:\Users\margo\.m2\repository\com\fasterxml\jackson\datatype\jackson-datatype-jsr310\2.12.4\jackson-datatype-jsr310-2.12.4.jar;C:\Users\margo\.m2\repository\com\fasterxml\jackson\module\jackson-module-parameter-names\2.12.4\jackson-module-parameter-names-2.12.4.jar;C:\Users\margo\.m2\repository\org\sp
Launcher Type: SUN_STANDARD

[Global flags]
     intx CICompilerCount                          = 4                                         {product} {ergonomic}
     uint ConcGCThreads                            = 2                                         {product} {ergonomic}
     uint G1ConcRefinementThreads                  = 8                                         {product} {ergonomic}
   size_t G1HeapRegionSize                         = 2097152                                   {product} {ergonomic}
    uintx GCDrainStackTargetSize                   = 64                                        {product} {ergonomic}
   size_t InitialHeapSize                          = 167772160                                 {product} {ergonomic}
   size_t MarkStackSize                            = 4194304                                   {product} {ergonomic}
   size_t MaxHeapSize                              = 2654994432                                {product} {ergonomic}
   size_t MaxNewSize                               = 1591738368                                {product} {ergonomic}
   size_t MinHeapDeltaBytes                        = 2097152                                   {product} {ergonomic}
   size_t MinHeapSize                              = 8388608                                   {product} {ergonomic}
    uintx NonNMethodCodeHeapSize                   = 5839372                                {pd product} {ergonomic}
    uintx NonProfiledCodeHeapSize                  = 122909434                              {pd product} {ergonomic}
    uintx ProfiledCodeHeapSize                     = 122909434                              {pd product} {ergonomic}
    uintx ReservedCodeCacheSize                    = 251658240                              {pd product} {ergonomic}
     bool SegmentedCodeCache                       = true                                      {product} {ergonomic}
     bool ShowCodeDetailsInExceptionMessages       = true                                   {manageable} {command line}
   size_t SoftMaxHeapSize                          = 2654994432                             {manageable} {ergonomic}
     bool UseCompressedClassPointers               = true                           {product lp64_product} {ergonomic}
     bool UseCompressedOops                        = true                           {product lp64_product} {ergonomic}
     bool UseG1GC                                  = true                                      {product} {ergonomic}
     bool UseLargePagesIndividualAllocation        = false                                  {pd product} {ergonomic}

Logging:
Log output configuration:
 #0: stdout all=warning uptime,level,tags
 #1: stderr all=off uptime,level,tags

Environment Variables:
PATH=C:\Program Files\Common Files\Oracle\Java\javapath;C:\Program Files (x86)\Common Files\Oracle\Java\javapath;C:\ProgramData\Oracle\Java\javapath;C:\WINDOWS\system32;C:\WINDOWS;C:\WINDOWS\System32\Wbem;C:\WINDOWS\System32\WindowsPowerShell\v1.0\;C:\Program Files (x86)\NVIDIA Corporation\PhysX\Common;C:\Program Files (x86)\MySQL\MySQL Utilities 1.4.4\;C:\Program Files (x86)\MySQL\MySQL Utilities 1.4.4\Doctrine extensions for PHP\;C:\WINDOWS\system32;C:\WINDOWS;C:\WINDOWS\System32\Wbem;C:\WINDOWS\System32\WindowsPowerShell\v1.0\;C:\Program Files\Java\jdk1.8.0_31\bin;C:\Program Files (x86)\Microsoft Emulator Manager\1.0\;C:\Program Files (x86)\AOMEI Backupper;C:\Program Files (x86)\CMake\bin;E:\Python27;E:\Python27\Scripts;C:\Users\margo\AppData\Roaming\Python\Scripts;;C:\WINDOWS\System32\OpenSSH\;C:\Program Files\PuTTY\;C:\WINDOWS\system32\config\systemprofile\.dnx\bin;C:\Program Files\Microsoft DNX\Dnvm\;C:\Program Files\Microsoft SQL Server\130\Tools\Binn\;C:\Program Files\nodejs\;C:\Users\margo\AppData\Local\Microsoft\WindowsApps;C:\Users\margo\AppData\Local\Programs\MiKTeX 2.9\miktex\bin\x64\;C:\Users\margo\AppData\Local\Programs\Git\cmd;C:\Users\margo\AppData\Roaming\npm;C:\Users\margo\AppData\Local\Programs\Microsoft VS Code\bin
USERNAME=margo
OS=Windows_NT
PROCESSOR_IDENTIFIER=Intel64 Family 6 Model 60 Stepping 3, GenuineIntel



---------------  S Y S T E M  ---------------

OS:
 Windows 10 , 64 bit Build 19041 (10.0.19041.1202)
OS uptime: 12 days 11:34 hours

CPU: total 8 (initial active 8) (4 cores per cpu, 2 threads per core) family 6 model 60 stepping 3 microcode 0x27, cx8, cmov, fxsr, ht, mmx, sse, sse2, sse3, ssse3, sse4.1, sse4.2, popcnt, lzcnt, tsc, tscinvbit, avx, avx2, aes, erms, clmul, bmi1, bmi2, fma, vzeroupper, clflush

Memory: 4k page, system-wide physical 10120M (2601M free)
TotalPageFile size 11144M (AvailPageFile size 4M)
current process WorkingSet (physical memory assigned to process): 91M, peak: 91M
current process commit charge ("private bytes"): 274M, peak: 275M

vm_info: Java HotSpot(TM) 64-Bit Server VM (16.0.1+9-24) for windows-amd64 JRE (16.0.1+9-24), built on Mar 26 2021 19:31:42 by "mach5one" with MS VC++ 16.7 (VS2019)

END.
