#
# There is insufficient memory for the Java Runtime Environment to continue.
# Native memory allocation (malloc) failed to allocate 981216 bytes for Chunk::new
# Possible reasons:
#   The system is out of physical RAM or swap space
#   The process is running with CompressedOops enabled, and the Java Heap may be blocking the growth of the native heap
# Possible solutions:
#   Reduce memory load on the system
#   Increase physical memory or swap space
#   Check if swap backing store is full
#   Decrease Java heap size (-Xmx/-Xms)
#   Decrease number of Java threads
#   Decrease Java thread stack sizes (-Xss)
#   Set larger code cache with -XX:ReservedCodeCacheSize=
#   JVM is running with Zero Based Compressed Oops mode in which the Java heap is
#     placed in the first 32GB address space. The Java Heap base address is the
#     maximum limit for the native heap growth. Please use -XX:HeapBaseMinAddress
#     to set the Java Heap base and to place the Java Heap above 32GB virtual address.
# This output file may be truncated or incomplete.
#
#  Out of Memory Error (arena.cpp:195), pid=14096, tid=14164
#
# JRE version: Java(TM) SE Runtime Environment (16.0.1+9) (build 16.0.1+9-24)
# Java VM: Java HotSpot(TM) 64-Bit Server VM (16.0.1+9-24, mixed mode, sharing, tiered, compressed oops, compressed class ptrs, g1 gc, windows-amd64)
# No core dump will be written. Minidumps are not enabled by default on client versions of Windows
#

---------------  S U M M A R Y ------------

Command Line: -ea -Dfile.encoding=UTF-8 -XX:+ShowCodeDetailsInExceptionMessages org.eclipse.jdt.internal.junit.runner.RemoteTestRunner -version 3 -port 58209 -testLoaderClass org.eclipse.jdt.internal.junit5.runner.JUnit5TestLoader -loaderpluginname org.eclipse.jdt.junit5.runtime -test com.prekes.web.prekesweb.controller.ZmogusRestControllerTest:testZmonesJson

Host: Intel(R) Core(TM) i7-4702MQ CPU @ 2.20GHz, 8 cores, 9G,  Windows 10 , 64 bit Build 19041 (10.0.19041.1202)
Time: Wed Oct  6 12:33:54 2021 FLE Daylight Time elapsed time: 1.786894 seconds (0d 0h 0m 1s)

---------------  T H R E A D  ---------------

Current thread (0x000001686376b0b0):  JavaThread "C2 CompilerThread2" daemon [_thread_in_native, id=14164, stack(0x0000004096b00000,0x0000004096c00000)]


Current CompileTask:
C2:   1787 1486       4       jdk.internal.org.objectweb.asm.Frame::execute (2305 bytes)

Stack: [0x0000004096b00000,0x0000004096c00000]
Native frames: (J=compiled Java code, j=interpreted, Vv=VM code, C=native code)
V  [jvm.dll+0x6687ca]
V  [jvm.dll+0x7ca3c9]
V  [jvm.dll+0x7cbb53]
V  [jvm.dll+0x7cc1b3]
V  [jvm.dll+0x242ea5]
V  [jvm.dll+0xadeca]
V  [jvm.dll+0xae5ac]
V  [jvm.dll+0x35af27]
V  [jvm.dll+0x1b9d3a]
V  [jvm.dll+0x216066]
V  [jvm.dll+0x215350]
V  [jvm.dll+0x1a1d9b]
V  [jvm.dll+0x2253a8]
V  [jvm.dll+0x2233ec]
V  [jvm.dll+0x780002]
V  [jvm.dll+0x779b4a]
V  [jvm.dll+0x667666]
C  [ucrtbase.dll+0x21bb2]
C  [KERNEL32.DLL+0x17034]
C  [ntdll.dll+0x52651]


---------------  P R O C E S S  ---------------

Threads class SMR info:
_java_thread_list=0x00000168636f9600, length=15, elements={
0x000001684310fc00, 0x00000168623bc850, 0x00000168623bddc0, 0x00000168623c92c0,
0x00000168623c9dd0, 0x00000168623cce90, 0x00000168623d66d0, 0x00000168623d8fe0,
0x00000168623da550, 0x00000168623ecaa0, 0x00000168630de200, 0x00000168630ec430,
0x00000168636fa950, 0x000001686371ce50, 0x000001686376b0b0
}

Java Threads: ( => current thread )
  0x000001684310fc00 JavaThread "main" [_thread_in_Java, id=19764, stack(0x0000004095600000,0x0000004095700000)]
  0x00000168623bc850 JavaThread "Reference Handler" daemon [_thread_blocked, id=9804, stack(0x0000004095d00000,0x0000004095e00000)]
  0x00000168623bddc0 JavaThread "Finalizer" daemon [_thread_blocked, id=12164, stack(0x0000004095e00000,0x0000004095f00000)]
  0x00000168623c92c0 JavaThread "Signal Dispatcher" daemon [_thread_blocked, id=12628, stack(0x0000004095f00000,0x0000004096000000)]
  0x00000168623c9dd0 JavaThread "Attach Listener" daemon [_thread_blocked, id=20128, stack(0x0000004096000000,0x0000004096100000)]
  0x00000168623cce90 JavaThread "Service Thread" daemon [_thread_blocked, id=6648, stack(0x0000004096100000,0x0000004096200000)]
  0x00000168623d66d0 JavaThread "Monitor Deflation Thread" daemon [_thread_blocked, id=11784, stack(0x0000004096200000,0x0000004096300000)]
  0x00000168623d8fe0 JavaThread "C2 CompilerThread0" daemon [_thread_blocked, id=12856, stack(0x0000004096300000,0x0000004096400000)]
  0x00000168623da550 JavaThread "C1 CompilerThread0" daemon [_thread_blocked, id=10472, stack(0x0000004096400000,0x0000004096500000)]
  0x00000168623ecaa0 JavaThread "Sweeper thread" daemon [_thread_blocked, id=17544, stack(0x0000004096500000,0x0000004096600000)]
  0x00000168630de200 JavaThread "Notification Thread" daemon [_thread_blocked, id=1504, stack(0x0000004096600000,0x0000004096700000)]
  0x00000168630ec430 JavaThread "Common-Cleaner" daemon [_thread_blocked, id=19840, stack(0x0000004096800000,0x0000004096900000)]
  0x00000168636fa950 JavaThread "C2 CompilerThread1" daemon [_thread_in_native, id=19480, stack(0x0000004096900000,0x0000004096a00000)]
  0x000001686371ce50 JavaThread "ReaderThread" [_thread_in_native, id=8000, stack(0x0000004096a00000,0x0000004096b00000)]
=>0x000001686376b0b0 JavaThread "C2 CompilerThread2" daemon [_thread_in_native, id=14164, stack(0x0000004096b00000,0x0000004096c00000)]

Other Threads:
  0x00000168623b6540 VMThread "VM Thread" [stack: 0x0000004095c00000,0x0000004095d00000] [id=2368]
  0x00000168630dfd40 WatcherThread [stack: 0x0000004096700000,0x0000004096800000] [id=17256]
  0x000001684314dfd0 GCTaskThread "GC Thread#0" [stack: 0x0000004095700000,0x0000004095800000] [id=12184]
  0x0000016863a4abf0 GCTaskThread "GC Thread#1" [stack: 0x0000004096c00000,0x0000004096d00000] [id=18512]
  0x00000168639a4a60 GCTaskThread "GC Thread#2" [stack: 0x0000004096d00000,0x0000004096e00000] [id=13804]
  0x0000016863bacb20 GCTaskThread "GC Thread#3" [stack: 0x0000004096e00000,0x0000004096f00000] [id=19772]
  0x0000016863e9fba0 GCTaskThread "GC Thread#4" [stack: 0x0000004096f00000,0x0000004097000000] [id=14288]
  0x0000016863e9feb0 GCTaskThread "GC Thread#5" [stack: 0x0000004097000000,0x0000004097100000] [id=21232]
  0x000001684315ba20 ConcurrentGCThread "G1 Main Marker" [stack: 0x0000004095800000,0x0000004095900000] [id=12696]
  0x000001684315d430 ConcurrentGCThread "G1 Conc#0" [stack: 0x0000004095900000,0x0000004095a00000] [id=19640]
  0x00000168431ce1d0 ConcurrentGCThread "G1 Refine#0" [stack: 0x0000004095a00000,0x0000004095b00000] [id=20524]
  0x00000168431ceb60 ConcurrentGCThread "G1 Service" [stack: 0x0000004095b00000,0x0000004095c00000] [id=13908]

Threads with active compile tasks:
C2 CompilerThread1     1831 1654       4       jdk.internal.loader.URLClassPath::getResource (74 bytes)
C2 CompilerThread2     1831 1486       4       jdk.internal.org.objectweb.asm.Frame::execute (2305 bytes)

VM state: not at safepoint (normal execution)

VM Mutex/Monitor currently owned by a thread: None

Heap address: 0x0000000761c00000, size: 2532 MB, Compressed Oops mode: Zero based, Oop shift amount: 3

CDS archive(s) mapped at: [0x0000000800000000-0x0000000800bb0000-0x0000000800bb0000), size 12255232, SharedBaseAddress: 0x0000000800000000, ArchiveRelocationMode: 0.
Compressed class space mapped at: 0x0000000800c00000-0x0000000840c00000, reserved size: 1073741824
Narrow klass base: 0x0000000800000000, Narrow klass shift: 3, Narrow klass range: 0x100000000

GC Precious Log:
 CPUs: 8 total, 8 available
 Memory: 10120M
 Large Page Support: Disabled
 NUMA Support: Disabled
 Compressed Oops: Enabled (Zero based)
 Heap Region Size: 2M
 Heap Min Capacity: 8M
 Heap Initial Capacity: 160M
 Heap Max Capacity: 2532M
 Pre-touch: Disabled
 Parallel Workers: 8
 Concurrent Workers: 2
 Concurrent Refinement Workers: 8
 Periodic GC: Disabled

Heap:
 garbage-first heap   total 163840K, used 27815K [0x0000000761c00000, 0x0000000800000000)
  region size 2048K, 13 young (26624K), 2 survivors (4096K)
 Metaspace       used 8944K, committed 9088K, reserved 1064960K
  class space    used 1084K, committed 1152K, reserved 1048576K

Heap Regions: E=young(eden), S=young(survivor), O=old, HS=humongous(starts), HC=humongous(continues), CS=collection set, F=free, OA=open archive, CA=closed archive, TAMS=top-at-mark-start (previous, next)
|   0|0x0000000761c00000, 0x0000000761e00000, 0x0000000761e00000|100%| O|  |TAMS 0x0000000761c00000, 0x0000000761c00000| Untracked 
|   1|0x0000000761e00000, 0x0000000761f29c00, 0x0000000762000000| 58%| O|  |TAMS 0x0000000761e00000, 0x0000000761e00000| Untracked 
|   2|0x0000000762000000, 0x0000000762000000, 0x0000000762200000|  0%| F|  |TAMS 0x0000000762000000, 0x0000000762000000| Untracked 
|   3|0x0000000762200000, 0x0000000762200000, 0x0000000762400000|  0%| F|  |TAMS 0x0000000762200000, 0x0000000762200000| Untracked 
|   4|0x0000000762400000, 0x0000000762400000, 0x0000000762600000|  0%| F|  |TAMS 0x0000000762400000, 0x0000000762400000| Untracked 
|   5|0x0000000762600000, 0x0000000762600000, 0x0000000762800000|  0%| F|  |TAMS 0x0000000762600000, 0x0000000762600000| Untracked 
|   6|0x0000000762800000, 0x0000000762800000, 0x0000000762a00000|  0%| F|  |TAMS 0x0000000762800000, 0x0000000762800000| Untracked 
|   7|0x0000000762a00000, 0x0000000762a00000, 0x0000000762c00000|  0%| F|  |TAMS 0x0000000762a00000, 0x0000000762a00000| Untracked 
|   8|0x0000000762c00000, 0x0000000762c00000, 0x0000000762e00000|  0%| F|  |TAMS 0x0000000762c00000, 0x0000000762c00000| Untracked 
|   9|0x0000000762e00000, 0x0000000762e00000, 0x0000000763000000|  0%| F|  |TAMS 0x0000000762e00000, 0x0000000762e00000| Untracked 
|  10|0x0000000763000000, 0x0000000763000000, 0x0000000763200000|  0%| F|  |TAMS 0x0000000763000000, 0x0000000763000000| Untracked 
|  11|0x0000000763200000, 0x0000000763200000, 0x0000000763400000|  0%| F|  |TAMS 0x0000000763200000, 0x0000000763200000| Untracked 
|  12|0x0000000763400000, 0x0000000763400000, 0x0000000763600000|  0%| F|  |TAMS 0x0000000763400000, 0x0000000763400000| Untracked 
|  13|0x0000000763600000, 0x0000000763600000, 0x0000000763800000|  0%| F|  |TAMS 0x0000000763600000, 0x0000000763600000| Untracked 
|  14|0x0000000763800000, 0x0000000763800000, 0x0000000763a00000|  0%| F|  |TAMS 0x0000000763800000, 0x0000000763800000| Untracked 
|  15|0x0000000763a00000, 0x0000000763a00000, 0x0000000763c00000|  0%| F|  |TAMS 0x0000000763a00000, 0x0000000763a00000| Untracked 
|  16|0x0000000763c00000, 0x0000000763c00000, 0x0000000763e00000|  0%| F|  |TAMS 0x0000000763c00000, 0x0000000763c00000| Untracked 
|  17|0x0000000763e00000, 0x0000000763e00000, 0x0000000764000000|  0%| F|  |TAMS 0x0000000763e00000, 0x0000000763e00000| Untracked 
|  18|0x0000000764000000, 0x0000000764000000, 0x0000000764200000|  0%| F|  |TAMS 0x0000000764000000, 0x0000000764000000| Untracked 
|  19|0x0000000764200000, 0x0000000764200000, 0x0000000764400000|  0%| F|  |TAMS 0x0000000764200000, 0x0000000764200000| Untracked 
|  20|0x0000000764400000, 0x0000000764400000, 0x0000000764600000|  0%| F|  |TAMS 0x0000000764400000, 0x0000000764400000| Untracked 
|  21|0x0000000764600000, 0x0000000764600000, 0x0000000764800000|  0%| F|  |TAMS 0x0000000764600000, 0x0000000764600000| Untracked 
|  22|0x0000000764800000, 0x0000000764800000, 0x0000000764a00000|  0%| F|  |TAMS 0x0000000764800000, 0x0000000764800000| Untracked 
|  23|0x0000000764a00000, 0x0000000764a00000, 0x0000000764c00000|  0%| F|  |TAMS 0x0000000764a00000, 0x0000000764a00000| Untracked 
|  24|0x0000000764c00000, 0x0000000764c00000, 0x0000000764e00000|  0%| F|  |TAMS 0x0000000764c00000, 0x0000000764c00000| Untracked 
|  25|0x0000000764e00000, 0x0000000764e00000, 0x0000000765000000|  0%| F|  |TAMS 0x0000000764e00000, 0x0000000764e00000| Untracked 
|  26|0x0000000765000000, 0x0000000765000000, 0x0000000765200000|  0%| F|  |TAMS 0x0000000765000000, 0x0000000765000000| Untracked 
|  27|0x0000000765200000, 0x0000000765200000, 0x0000000765400000|  0%| F|  |TAMS 0x0000000765200000, 0x0000000765200000| Untracked 
|  28|0x0000000765400000, 0x0000000765400000, 0x0000000765600000|  0%| F|  |TAMS 0x0000000765400000, 0x0000000765400000| Untracked 
|  29|0x0000000765600000, 0x0000000765600000, 0x0000000765800000|  0%| F|  |TAMS 0x0000000765600000, 0x0000000765600000| Untracked 
|  30|0x0000000765800000, 0x0000000765800000, 0x0000000765a00000|  0%| F|  |TAMS 0x0000000765800000, 0x0000000765800000| Untracked 
|  31|0x0000000765a00000, 0x0000000765a00000, 0x0000000765c00000|  0%| F|  |TAMS 0x0000000765a00000, 0x0000000765a00000| Untracked 
|  32|0x0000000765c00000, 0x0000000765c00000, 0x0000000765e00000|  0%| F|  |TAMS 0x0000000765c00000, 0x0000000765c00000| Untracked 
|  33|0x0000000765e00000, 0x0000000765e00000, 0x0000000766000000|  0%| F|  |TAMS 0x0000000765e00000, 0x0000000765e00000| Untracked 
|  34|0x0000000766000000, 0x0000000766000000, 0x0000000766200000|  0%| F|  |TAMS 0x0000000766000000, 0x0000000766000000| Untracked 
|  35|0x0000000766200000, 0x0000000766200000, 0x0000000766400000|  0%| F|  |TAMS 0x0000000766200000, 0x0000000766200000| Untracked 
|  36|0x0000000766400000, 0x0000000766400000, 0x0000000766600000|  0%| F|  |TAMS 0x0000000766400000, 0x0000000766400000| Untracked 
|  37|0x0000000766600000, 0x0000000766600000, 0x0000000766800000|  0%| F|  |TAMS 0x0000000766600000, 0x0000000766600000| Untracked 
|  38|0x0000000766800000, 0x0000000766800000, 0x0000000766a00000|  0%| F|  |TAMS 0x0000000766800000, 0x0000000766800000| Untracked 
|  39|0x0000000766a00000, 0x0000000766a00000, 0x0000000766c00000|  0%| F|  |TAMS 0x0000000766a00000, 0x0000000766a00000| Untracked 
|  40|0x0000000766c00000, 0x0000000766c00000, 0x0000000766e00000|  0%| F|  |TAMS 0x0000000766c00000, 0x0000000766c00000| Untracked 
|  41|0x0000000766e00000, 0x0000000766e00000, 0x0000000767000000|  0%| F|  |TAMS 0x0000000766e00000, 0x0000000766e00000| Untracked 
|  42|0x0000000767000000, 0x0000000767000000, 0x0000000767200000|  0%| F|  |TAMS 0x0000000767000000, 0x0000000767000000| Untracked 
|  43|0x0000000767200000, 0x0000000767200000, 0x0000000767400000|  0%| F|  |TAMS 0x0000000767200000, 0x0000000767200000| Untracked 
|  44|0x0000000767400000, 0x0000000767400000, 0x0000000767600000|  0%| F|  |TAMS 0x0000000767400000, 0x0000000767400000| Untracked 
|  45|0x0000000767600000, 0x0000000767600000, 0x0000000767800000|  0%| F|  |TAMS 0x0000000767600000, 0x0000000767600000| Untracked 
|  46|0x0000000767800000, 0x0000000767800000, 0x0000000767a00000|  0%| F|  |TAMS 0x0000000767800000, 0x0000000767800000| Untracked 
|  47|0x0000000767a00000, 0x0000000767a00000, 0x0000000767c00000|  0%| F|  |TAMS 0x0000000767a00000, 0x0000000767a00000| Untracked 
|  48|0x0000000767c00000, 0x0000000767c00000, 0x0000000767e00000|  0%| F|  |TAMS 0x0000000767c00000, 0x0000000767c00000| Untracked 
|  49|0x0000000767e00000, 0x0000000767e00000, 0x0000000768000000|  0%| F|  |TAMS 0x0000000767e00000, 0x0000000767e00000| Untracked 
|  50|0x0000000768000000, 0x0000000768000000, 0x0000000768200000|  0%| F|  |TAMS 0x0000000768000000, 0x0000000768000000| Untracked 
|  51|0x0000000768200000, 0x0000000768200000, 0x0000000768400000|  0%| F|  |TAMS 0x0000000768200000, 0x0000000768200000| Untracked 
|  52|0x0000000768400000, 0x0000000768400000, 0x0000000768600000|  0%| F|  |TAMS 0x0000000768400000, 0x0000000768400000| Untracked 
|  53|0x0000000768600000, 0x0000000768600000, 0x0000000768800000|  0%| F|  |TAMS 0x0000000768600000, 0x0000000768600000| Untracked 
|  54|0x0000000768800000, 0x0000000768800000, 0x0000000768a00000|  0%| F|  |TAMS 0x0000000768800000, 0x0000000768800000| Untracked 
|  55|0x0000000768a00000, 0x0000000768a00000, 0x0000000768c00000|  0%| F|  |TAMS 0x0000000768a00000, 0x0000000768a00000| Untracked 
|  56|0x0000000768c00000, 0x0000000768c00000, 0x0000000768e00000|  0%| F|  |TAMS 0x0000000768c00000, 0x0000000768c00000| Untracked 
|  57|0x0000000768e00000, 0x0000000768e00000, 0x0000000769000000|  0%| F|  |TAMS 0x0000000768e00000, 0x0000000768e00000| Untracked 
|  58|0x0000000769000000, 0x0000000769000000, 0x0000000769200000|  0%| F|  |TAMS 0x0000000769000000, 0x0000000769000000| Untracked 
|  59|0x0000000769200000, 0x0000000769200000, 0x0000000769400000|  0%| F|  |TAMS 0x0000000769200000, 0x0000000769200000| Untracked 
|  60|0x0000000769400000, 0x0000000769400000, 0x0000000769600000|  0%| F|  |TAMS 0x0000000769400000, 0x0000000769400000| Untracked 
|  61|0x0000000769600000, 0x0000000769600000, 0x0000000769800000|  0%| F|  |TAMS 0x0000000769600000, 0x0000000769600000| Untracked 
|  62|0x0000000769800000, 0x0000000769800000, 0x0000000769a00000|  0%| F|  |TAMS 0x0000000769800000, 0x0000000769800000| Untracked 
|  63|0x0000000769a00000, 0x0000000769a00000, 0x0000000769c00000|  0%| F|  |TAMS 0x0000000769a00000, 0x0000000769a00000| Untracked 
|  64|0x0000000769c00000, 0x0000000769c00000, 0x0000000769e00000|  0%| F|  |TAMS 0x0000000769c00000, 0x0000000769c00000| Untracked 
|  65|0x0000000769e00000, 0x0000000769e00000, 0x000000076a000000|  0%| F|  |TAMS 0x0000000769e00000, 0x0000000769e00000| Untracked 
|  66|0x000000076a000000, 0x000000076a000000, 0x000000076a200000|  0%| F|  |TAMS 0x000000076a000000, 0x000000076a000000| Untracked 
|  67|0x000000076a200000, 0x000000076a400000, 0x000000076a400000|100%| S|CS|TAMS 0x000000076a200000, 0x000000076a200000| Complete 
|  68|0x000000076a400000, 0x000000076a600000, 0x000000076a600000|100%| S|CS|TAMS 0x000000076a400000, 0x000000076a400000| Complete 
|  69|0x000000076a600000, 0x000000076a7dcf80, 0x000000076a800000| 93%| E|  |TAMS 0x000000076a600000, 0x000000076a600000| Complete 
|  70|0x000000076a800000, 0x000000076aa00000, 0x000000076aa00000|100%| E|CS|TAMS 0x000000076a800000, 0x000000076a800000| Complete 
|  71|0x000000076aa00000, 0x000000076ac00000, 0x000000076ac00000|100%| E|CS|TAMS 0x000000076aa00000, 0x000000076aa00000| Complete 
|  72|0x000000076ac00000, 0x000000076ae00000, 0x000000076ae00000|100%| E|CS|TAMS 0x000000076ac00000, 0x000000076ac00000| Complete 
|  73|0x000000076ae00000, 0x000000076b000000, 0x000000076b000000|100%| E|CS|TAMS 0x000000076ae00000, 0x000000076ae00000| Complete 
|  74|0x000000076b000000, 0x000000076b200000, 0x000000076b200000|100%| E|CS|TAMS 0x000000076b000000, 0x000000076b000000| Complete 
|  75|0x000000076b200000, 0x000000076b400000, 0x000000076b400000|100%| E|CS|TAMS 0x000000076b200000, 0x000000076b200000| Complete 
|  76|0x000000076b400000, 0x000000076b600000, 0x000000076b600000|100%| E|CS|TAMS 0x000000076b400000, 0x000000076b400000| Complete 
|  77|0x000000076b600000, 0x000000076b800000, 0x000000076b800000|100%| E|CS|TAMS 0x000000076b600000, 0x000000076b600000| Complete 
|  78|0x000000076b800000, 0x000000076ba00000, 0x000000076ba00000|100%| E|CS|TAMS 0x000000076b800000, 0x000000076b800000| Complete 
|  79|0x000000076ba00000, 0x000000076bc00000, 0x000000076bc00000|100%| E|CS|TAMS 0x000000076ba00000, 0x000000076ba00000| Complete 

Card table byte_map: [0x000001685a0c0000,0x000001685a5c0000] _byte_map_base: 0x00000168565b2000

Marking Bits (Prev, Next): (CMBitMap*) 0x00000168431509f0, (CMBitMap*) 0x0000016843150a30
 Prev Bits: [0x000001685aac0000, 0x000001685d250000)
 Next Bits: [0x000001685d250000, 0x000001685f9e0000)

Polling page: 0x0000016840f40000

Metaspace:

Usage:
  Non-class:      7.71 MB used.
      Class:      1.07 MB used.
       Both:      8.77 MB used.

Virtual space:
  Non-class space:       16.00 MB reserved,       7.81 MB ( 49%) committed,  2 nodes.
      Class space:        1.00 GB reserved,       1.19 MB ( <1%) committed,  1 nodes.
              Both:        1.02 GB reserved,       9.00 MB ( <1%) committed. 

Chunk freelists:
   Non-Class:  3.36 MB
       Class:  2.80 MB
        Both:  6.16 MB

MaxMetaspaceSize: 17179869184.00 GB
CompressedClassSpaceSize: 1.00 GB
 - commit_granule_bytes: 65536.
 - commit_granule_words: 8192.
 - virtual_space_node_default_size: 1048576.
 - enlarge_chunks_in_place: 1.
 - new_chunks_are_fully_committed: 0.
 - uncommit_free_chunks: 1.
 - use_allocation_guard: 0.
 - handle_deallocations: 1.


Internal statistics:

num_allocs_failed_limit: 0.
num_arena_births: 110.
num_arena_deaths: 0.
num_vsnodes_births: 3.
num_vsnodes_deaths: 0.
num_space_committed: 144.
num_space_uncommitted: 0.
num_chunks_returned_to_freelist: 0.
num_chunks_taken_from_freelist: 414.
num_chunk_merges: 0.
num_chunk_splits: 242.
num_chunks_enlarged: 172.
num_purges: 0.

CodeHeap 'non-profiled nmethods': size=120000Kb used=614Kb max_used=614Kb free=119385Kb
 bounds [0x0000016852350000, 0x00000168525c0000, 0x0000016859880000]
CodeHeap 'profiled nmethods': size=120000Kb used=3414Kb max_used=3414Kb free=116585Kb
 bounds [0x000001684ae20000, 0x000001684b180000, 0x0000016852350000]
CodeHeap 'non-nmethods': size=5760Kb used=1164Kb max_used=1190Kb free=4595Kb
 bounds [0x000001684a880000, 0x000001684aaf0000, 0x000001684ae20000]
 total_blobs=2134 nmethods=1684 adapters=362
 compilation: enabled
              stopped_count=0, restarted_count=0
 full_count=0

Compilation events (20 events):
Event: 1.768 Thread 0x00000168623da550 nmethod 1665 0x000001684b16d710 code [0x000001684b16d900, 0x000001684b16df98]
Event: 1.773 Thread 0x00000168623da550 1666       3       java.util.stream.ReferencePipeline$2$1::accept (27 bytes)
Event: 1.773 Thread 0x00000168623da550 nmethod 1666 0x000001684b16e190 code [0x000001684b16e360, 0x000001684b16e678]
Event: 1.775 Thread 0x00000168623da550 1667       3       org.springframework.core.annotation.TypeMappedAnnotations::from (24 bytes)
Event: 1.775 Thread 0x00000168623da550 nmethod 1667 0x000001684b16e790 code [0x000001684b16e960, 0x000001684b16ebb8]
Event: 1.776 Thread 0x00000168636fa950 nmethod 1648 0x00000168523e3a10 code [0x00000168523e3c20, 0x00000168523e4b10]
Event: 1.776 Thread 0x00000168636fa950 1654       4       jdk.internal.loader.URLClassPath::getResource (74 bytes)
Event: 1.777 Thread 0x00000168623da550 1668       3       org.springframework.core.annotation.TypeMappedAnnotations::get (52 bytes)
Event: 1.777 Thread 0x00000168623da550 nmethod 1668 0x000001684b16ec90 code [0x000001684b16eea0, 0x000001684b16f528]
Event: 1.777 Thread 0x00000168623da550 1670       3       org.springframework.core.annotation.TypeMappedAnnotations::get (8 bytes)
Event: 1.778 Thread 0x00000168623da550 nmethod 1670 0x000001684b16f710 code [0x000001684b16f8c0, 0x000001684b16fa08]
Event: 1.778 Thread 0x00000168623da550 1669       3       java.lang.Boolean::hashCode (8 bytes)
Event: 1.778 Thread 0x00000168623da550 nmethod 1669 0x000001684b16fa90 code [0x000001684b16fc40, 0x000001684b16fe38]
Event: 1.783 Thread 0x00000168623da550 1671       3       java.util.AbstractCollection::addAll (42 bytes)
Event: 1.783 Thread 0x00000168623da550 nmethod 1671 0x000001684b16ff10 code [0x000001684b170100, 0x000001684b170638]
Event: 1.784 Thread 0x00000168623da550 1672       3       java.util.stream.StreamOpFlag::fromCharacteristics (37 bytes)
Event: 1.784 Thread 0x00000168623da550 nmethod 1672 0x000001684b170790 code [0x000001684b170960, 0x000001684b170c98]
Event: 1.784 Thread 0x00000168623da550 1674       3       java.util.Arrays$ArrayList::size (6 bytes)
Event: 1.784 Thread 0x00000168623da550 nmethod 1674 0x000001684b170d90 code [0x000001684b170f20, 0x000001684b171038]
Event: 1.784 Thread 0x00000168623da550 1673       3       java.util.stream.AbstractPipeline::<init> (55 bytes)

GC Heap History (2 events):
Event: 1.084 GC heap before
{Heap before GC invocations=0 (full 0):
 garbage-first heap   total 163840K, used 22528K [0x0000000761c00000, 0x0000000800000000)
  region size 2048K, 11 young (22528K), 0 survivors (0K)
 Metaspace       used 4286K, committed 4416K, reserved 1056768K
  class space    used 516K, committed 576K, reserved 1048576K
}
Event: 1.091 GC heap after
{Heap after GC invocations=1 (full 0):
 garbage-first heap   total 163840K, used 7335K [0x0000000761c00000, 0x0000000800000000)
  region size 2048K, 2 young (4096K), 2 survivors (4096K)
 Metaspace       used 4286K, committed 4416K, reserved 1056768K
  class space    used 516K, committed 576K, reserved 1048576K
}

Deoptimization events (20 events):
Event: 1.579 Thread 0x000001684310fc00 DEOPT PACKING pc=0x000001685238fb9c sp=0x00000040956fcdb0
Event: 1.579 Thread 0x000001684310fc00 DEOPT UNPACKING pc=0x000001684a8cd72e sp=0x00000040956fcd98 mode 2
Event: 1.579 Thread 0x000001684310fc00 Uncommon trap: trap_request=0xffffff45 fr.pc=0x00000168523baffc relative=0x0000000000000e9c
Event: 1.579 Thread 0x000001684310fc00 Uncommon trap: reason=unstable_if action=reinterpret pc=0x00000168523baffc method=java.util.zip.ZipCoder.normalizedHash(Ljava/lang/String;)I @ 23 c2
Event: 1.579 Thread 0x000001684310fc00 DEOPT PACKING pc=0x00000168523baffc sp=0x00000040956fcf10
Event: 1.579 Thread 0x000001684310fc00 DEOPT UNPACKING pc=0x000001684a8cd72e sp=0x00000040956fcdc0 mode 2
Event: 1.579 Thread 0x000001684310fc00 Uncommon trap: trap_request=0xffffff45 fr.pc=0x00000168523b7e8c relative=0x000000000000062c
Event: 1.579 Thread 0x000001684310fc00 Uncommon trap: reason=unstable_if action=reinterpret pc=0x00000168523b7e8c method=java.util.zip.ZipCoder.normalizedHash(Ljava/lang/String;)I @ 23 c2
Event: 1.579 Thread 0x000001684310fc00 DEOPT PACKING pc=0x00000168523b7e8c sp=0x00000040956fce80
Event: 1.579 Thread 0x000001684310fc00 DEOPT UNPACKING pc=0x000001684a8cd72e sp=0x00000040956fcdb0 mode 2
Event: 1.579 Thread 0x000001684310fc00 Uncommon trap: trap_request=0xffffff45 fr.pc=0x000001685237082c relative=0x000000000000028c
Event: 1.579 Thread 0x000001684310fc00 Uncommon trap: reason=unstable_if action=reinterpret pc=0x000001685237082c method=java.util.zip.ZipCoder.normalizedHash(Ljava/lang/String;)I @ 23 c2
Event: 1.579 Thread 0x000001684310fc00 DEOPT PACKING pc=0x000001685237082c sp=0x00000040956fce10
Event: 1.579 Thread 0x000001684310fc00 DEOPT UNPACKING pc=0x000001684a8cd72e sp=0x00000040956fcda8 mode 2
Event: 1.582 Thread 0x000001684310fc00 Uncommon trap: trap_request=0xffffff45 fr.pc=0x00000168523ae0e4 relative=0x0000000000000224
Event: 1.582 Thread 0x000001684310fc00 Uncommon trap: reason=unstable_if action=reinterpret pc=0x00000168523ae0e4 method=java.util.StringTokenizer.scanToken(I)I @ 42 c2
Event: 1.582 Thread 0x000001684310fc00 DEOPT PACKING pc=0x00000168523ae0e4 sp=0x00000040956fcee0
Event: 1.582 Thread 0x000001684310fc00 DEOPT UNPACKING pc=0x000001684a8cd72e sp=0x00000040956fce70 mode 2
Event: 1.744 Thread 0x000001684310fc00 DEOPT PACKING pc=0x000001684af32f85 sp=0x00000040956fd240
Event: 1.744 Thread 0x000001684310fc00 DEOPT UNPACKING pc=0x000001684a8cdece sp=0x00000040956fc6c8 mode 0

Classes unloaded (0 events):
No events

Classes redefined (0 events):
No events

Internal exceptions (20 events):
Event: 0.972 Thread 0x000001684310fc00 Exception <a 'java/lang/NoSuchMethodError'{0x000000076a8d35e8}: 'void java.lang.invoke.DirectMethodHandle$Holder.invokeInterface(java.lang.Object, java.lang.Object, java.lang.Object)'> (0x000000076a8d35e8) 
thrown [t:\workspace\open\src\hotspot\share\interpreter\linkResolver.cpp, line 790]
Event: 0.972 Thread 0x000001684310fc00 Exception <a 'java/lang/IncompatibleClassChangeError'{0x000000076a8d6b80}: Found class java.lang.Object, but interface was expected> (0x000000076a8d6b80) 
thrown [t:\workspace\open\src\hotspot\share\interpreter\linkResolver.cpp, line 857]
Event: 0.980 Thread 0x000001684310fc00 Exception <a 'java/lang/NoSuchMethodError'{0x000000076a8fadb8}: 'void java.lang.invoke.DirectMethodHandle$Holder.invokeSpecial(java.lang.Object, java.lang.Object, java.lang.Object, java.lang.Object, java.lang.Object)'> (0x000000076a8fadb8) 
thrown [t:\workspace\open\src\hotspot\share\interpreter\linkResolver.cpp, line 790]
Event: 1.000 Thread 0x000001684310fc00 Exception <a 'java/lang/NoSuchMethodError'{0x000000076a963218}: 'java.lang.Object java.lang.invoke.DirectMethodHandle$Holder.invokeVirtual(java.lang.Object, java.lang.Object, java.lang.Object)'> (0x000000076a963218) 
thrown [t:\workspace\open\src\hotspot\share\interpreter\linkResolver.cpp, line 790]
Event: 1.011 Thread 0x000001684310fc00 Exception <a 'java/lang/NoSuchMethodError'{0x000000076a9a2b00}: 'void java.lang.invoke.DirectMethodHandle$Holder.invokeInterface(java.lang.Object, java.lang.Object, java.lang.Object, java.lang.Object)'> (0x000000076a9a2b00) 
thrown [t:\workspace\open\src\hotspot\share\interpreter\linkResolver.cpp, line 790]
Event: 1.011 Thread 0x000001684310fc00 Exception <a 'java/lang/IncompatibleClassChangeError'{0x000000076a9a6628}: Found class java.lang.Object, but interface was expected> (0x000000076a9a6628) 
thrown [t:\workspace\open\src\hotspot\share\interpreter\linkResolver.cpp, line 857]
Event: 1.014 Thread 0x000001684310fc00 Exception <a 'java/lang/NoSuchMethodError'{0x000000076a9bfdb8}: 'void java.lang.invoke.DirectMethodHandle$Holder.invokeStatic(java.lang.Object, java.lang.Object, java.lang.Object, java.lang.Object)'> (0x000000076a9bfdb8) 
thrown [t:\workspace\open\src\hotspot\share\interpreter\linkResolver.cpp, line 790]
Event: 1.028 Thread 0x000001684310fc00 Exception <a 'java/lang/NoSuchMethodError'{0x000000076a62b480}: 'java.lang.Object java.lang.invoke.Invokers$Holder.invokeExact_MT(java.lang.Object, java.lang.Object, java.lang.Object, java.lang.Object, java.lang.Object, java.lang.Object)'> (0x000000076a62b480) 
thrown [t:\workspace\open\src\hotspot\share\interpreter\linkResolver.cpp, line 790]
Event: 1.030 Thread 0x000001684310fc00 Exception <a 'java/lang/NoSuchMethodError'{0x000000076a63b820}: 'int java.lang.invoke.DirectMethodHandle$Holder.invokeStatic(java.lang.Object, java.lang.Object, java.lang.Object, java.lang.Object, java.lang.Object)'> (0x000000076a63b820) 
thrown [t:\workspace\open\src\hotspot\share\interpreter\linkResolver.cpp, line 790]
Event: 1.066 Thread 0x000001684310fc00 Exception <a 'java/lang/NoSuchMethodError'{0x000000076a75cbc8}: 'int java.lang.invoke.DirectMethodHandle$Holder.invokeStaticInit(java.lang.Object, java.lang.Object, java.lang.Object)'> (0x000000076a75cbc8) 
thrown [t:\workspace\open\src\hotspot\share\interpreter\linkResolver.cpp, line 790]
Event: 1.074 Thread 0x000001684310fc00 Exception <a 'java/lang/NoSuchMethodError'{0x000000076a793d00}: 'int java.lang.invoke.DirectMethodHandle$Holder.invokeStaticInit(java.lang.Object, java.lang.Object)'> (0x000000076a793d00) 
thrown [t:\workspace\open\src\hotspot\share\interpreter\linkResolver.cpp, line 790]
Event: 1.173 Thread 0x000001684310fc00 Exception <a 'java/lang/ClassNotFoundException'{0x000000076b9dd488}: javax/smartcardio/CardPermission> (0x000000076b9dd488) 
thrown [t:\workspace\open\src\hotspot\share\classfile\systemDictionary.cpp, line 256]
Event: 1.176 Thread 0x000001684310fc00 Exception <a 'java/io/FileNotFoundException'{0x000000076b9ec018}> (0x000000076b9ec018) 
thrown [t:\workspace\open\src\hotspot\share\prims\jni.cpp, line 579]
Event: 1.259 Thread 0x000001684310fc00 Exception <a 'java/lang/NoSuchMethodError'{0x000000076b7d9df8}: 'org.slf4j.impl.StaticMDCBinder org.slf4j.impl.StaticMDCBinder.getSingleton()'> (0x000000076b7d9df8) 
thrown [t:\workspace\open\src\hotspot\share\interpreter\linkResolver.cpp, line 790]
Event: 1.285 Thread 0x000001684310fc00 Exception <a 'java/lang/IncompatibleClassChangeError'{0x000000076b468eb0}: Found class java.lang.Object, but interface was expected> (0x000000076b468eb0) 
thrown [t:\workspace\open\src\hotspot\share\interpreter\linkResolver.cpp, line 857]
Event: 1.337 Thread 0x000001684310fc00 Exception <a 'java/lang/NoSuchMethodError'{0x000000076b2097d8}: 'int java.lang.invoke.DirectMethodHandle$Holder.invokeInterface(java.lang.Object, java.lang.Object)'> (0x000000076b2097d8) 
thrown [t:\workspace\open\src\hotspot\share\interpreter\linkResolver.cpp, line 790]
Event: 1.761 Thread 0x000001684310fc00 Exception <a 'java/lang/NoSuchMethodError'{0x000000076a9a12c0}: 'java.lang.Object java.lang.invoke.DirectMethodHandle$Holder.newInvokeSpecial(java.lang.Object, java.lang.Object, java.lang.Object, java.lang.Object, java.lang.Object, java.lang.Object, java.lang.Object)'> (0x000000076a9a12c0) 
thrown [t:\workspace\open\src\hotspot\share\interpreter\linkResolver.cpp, line 790]
Event: 1.762 Thread 0x000001684310fc00 Exception <a 'java/lang/NoSuchMethodError'{0x000000076a9a6078}: 'java.lang.Object java.lang.invoke.Invokers$Holder.linkToTargetMethod(java.lang.Object, java.lang.Object, java.lang.Object, java.lang.Object, java.lang.Object, java.lang.Object, java.lang.Object)'> (0x000000076a9a6078) 
thrown [t:\workspace\open\src\hotspot\share\interpreter\linkResolver.cpp, line 790]
Event: 1.764 Thread 0x000001684310fc00 Exception <a 'java/lang/NoSuchMethodError'{0x000000076a9b1830}: 'java.lang.Object java.lang.invoke.DirectMethodHandle$Holder.invokeInterface(java.lang.Object, java.lang.Object, java.lang.Object, java.lang.Object, java.lang.Object)'> (0x000000076a9b1830) 
thrown [t:\workspace\open\src\hotspot\share\interpreter\linkResolver.cpp, line 790]
Event: 1.764 Thread 0x000001684310fc00 Exception <a 'java/lang/IncompatibleClassChangeError'{0x000000076a9b5828}: Found class java.lang.Object, but interface was expected> (0x000000076a9b5828) 
thrown [t:\workspace\open\src\hotspot\share\interpreter\linkResolver.cpp, line 857]

Events (20 events):
Event: 1.614 Executing  VM operation: HandshakeAllThreads
Event: 1.614 Executing  VM operation: HandshakeAllThreads done
Event: 1.635 Executing  VM operation: ICBufferFull
Event: 1.635 Executing  VM operation: ICBufferFull done
Event: 1.686 loading class java/util/concurrent/CopyOnWriteArraySet
Event: 1.686 loading class java/util/concurrent/CopyOnWriteArraySet done
Event: 1.725 loading class java/util/EventListener
Event: 1.725 loading class java/util/EventListener done
Event: 1.735 loading class jdk/internal/reflect/UnsafeFieldAccessorFactory
Event: 1.736 loading class jdk/internal/reflect/UnsafeFieldAccessorFactory done
Event: 1.736 loading class jdk/internal/reflect/UnsafeQualifiedStaticIntegerFieldAccessorImpl
Event: 1.736 loading class jdk/internal/reflect/UnsafeQualifiedStaticFieldAccessorImpl
Event: 1.736 loading class jdk/internal/reflect/UnsafeQualifiedStaticFieldAccessorImpl done
Event: 1.736 loading class jdk/internal/reflect/UnsafeQualifiedStaticIntegerFieldAccessorImpl done
Event: 1.755 loading class java/util/EventObject
Event: 1.756 loading class java/util/EventObject done
Event: 1.768 loading class java/util/ArrayList$ListItr
Event: 1.768 loading class java/util/ArrayList$ListItr done
Event: 1.769 Executing  VM operation: HandshakeAllThreads
Event: 1.769 Executing  VM operation: HandshakeAllThreads done


Dynamic libraries:
0x00007ff640330000 - 0x00007ff640340000 	C:\Program Files\Java\jdk-16.0.1\bin\javaw.exe
0x00007ffcd4030000 - 0x00007ffcd4225000 	C:\WINDOWS\SYSTEM32\ntdll.dll
0x00007ffcd3f20000 - 0x00007ffcd3fde000 	C:\WINDOWS\System32\KERNEL32.DLL
0x00007ffcd17a0000 - 0x00007ffcd1a69000 	C:\WINDOWS\System32\KERNELBASE.dll
0x00007ffcd1d10000 - 0x00007ffcd1e10000 	C:\WINDOWS\System32\ucrtbase.dll
0x00007ffccbd20000 - 0x00007ffccbd38000 	C:\Program Files\Java\jdk-16.0.1\bin\jli.dll
0x00007ffccb060000 - 0x00007ffccb079000 	C:\Program Files\Java\jdk-16.0.1\bin\VCRUNTIME140.dll
0x00007ffcd3860000 - 0x00007ffcd390c000 	C:\WINDOWS\System32\ADVAPI32.dll
0x00007ffcd3230000 - 0x00007ffcd32ce000 	C:\WINDOWS\System32\msvcrt.dll
0x00007ffcd3910000 - 0x00007ffcd39ab000 	C:\WINDOWS\System32\sechost.dll
0x00007ffcd3730000 - 0x00007ffcd385a000 	C:\WINDOWS\System32\RPCRT4.dll
0x00007ffcd21f0000 - 0x00007ffcd2391000 	C:\WINDOWS\System32\USER32.dll
0x00007ffcd1e10000 - 0x00007ffcd1e32000 	C:\WINDOWS\System32\win32u.dll
0x00007ffcc33e0000 - 0x00007ffcc367a000 	C:\WINDOWS\WinSxS\amd64_microsoft.windows.common-controls_6595b64144ccf1df_6.0.19041.1110_none_60b5254171f9507e\COMCTL32.dll
0x00007ffcd21c0000 - 0x00007ffcd21eb000 	C:\WINDOWS\System32\GDI32.dll
0x00007ffcd1ad0000 - 0x00007ffcd1bdb000 	C:\WINDOWS\System32\gdi32full.dll
0x00007ffcd1be0000 - 0x00007ffcd1c7d000 	C:\WINDOWS\System32\msvcp_win.dll
0x00007ffccb2a0000 - 0x00007ffccb2aa000 	C:\WINDOWS\SYSTEM32\VERSION.dll
0x00007ffcd3200000 - 0x00007ffcd3230000 	C:\WINDOWS\System32\IMM32.DLL
0x00007ffcd0010000 - 0x00007ffcd001c000 	C:\Program Files\Java\jdk-16.0.1\bin\vcruntime140_1.dll
0x00007ffc9cda0000 - 0x00007ffc9ce31000 	C:\Program Files\Java\jdk-16.0.1\bin\msvcp140.dll
0x00007ffc7d5a0000 - 0x00007ffc7e14b000 	C:\Program Files\Java\jdk-16.0.1\bin\server\jvm.dll
0x00007ffcd3450000 - 0x00007ffcd3458000 	C:\WINDOWS\System32\PSAPI.DLL
0x00007ffccbcd0000 - 0x00007ffccbcd9000 	C:\WINDOWS\SYSTEM32\WSOCK32.dll
0x00007ffcc3f70000 - 0x00007ffcc3f97000 	C:\WINDOWS\SYSTEM32\WINMM.dll
0x00007ffcd36a0000 - 0x00007ffcd370b000 	C:\WINDOWS\System32\WS2_32.dll
0x00007ffcd0020000 - 0x00007ffcd0032000 	C:\WINDOWS\SYSTEM32\kernel.appcore.dll
0x00007ffccc190000 - 0x00007ffccc19a000 	C:\Program Files\Java\jdk-16.0.1\bin\jimage.dll
0x00007ffccea20000 - 0x00007ffccec04000 	C:\WINDOWS\SYSTEM32\DBGHELP.DLL
0x00007ffcc95b0000 - 0x00007ffcc95dc000 	C:\WINDOWS\SYSTEM32\dbgcore.DLL
0x00007ffcd1c80000 - 0x00007ffcd1d03000 	C:\WINDOWS\System32\bcryptPrimitives.dll
0x00007ffcca3d0000 - 0x00007ffcca3f5000 	C:\Program Files\Java\jdk-16.0.1\bin\java.dll
0x00007ffcd2820000 - 0x00007ffcd2f5f000 	C:\WINDOWS\System32\SHELL32.dll
0x00007ffccf760000 - 0x00007ffccfef0000 	C:\WINDOWS\SYSTEM32\windows.storage.dll
0x00007ffcd39b0000 - 0x00007ffcd3d05000 	C:\WINDOWS\System32\combase.dll
0x00007ffcd11a0000 - 0x00007ffcd11cc000 	C:\WINDOWS\SYSTEM32\Wldp.dll
0x00007ffcd33a0000 - 0x00007ffcd344e000 	C:\WINDOWS\System32\SHCORE.dll
0x00007ffcd2080000 - 0x00007ffcd20d5000 	C:\WINDOWS\System32\shlwapi.dll
0x00007ffcd1690000 - 0x00007ffcd16af000 	C:\WINDOWS\SYSTEM32\profapi.dll
0x00007ffcbd650000 - 0x00007ffcbd669000 	C:\Program Files\Java\jdk-16.0.1\bin\net.dll
0x00007ffcc8340000 - 0x00007ffcc8448000 	C:\WINDOWS\SYSTEM32\WINHTTP.dll
0x00007ffcd0f00000 - 0x00007ffcd0f6a000 	C:\WINDOWS\system32\mswsock.dll
0x00007ffcb9530000 - 0x00007ffcb9543000 	C:\Program Files\Java\jdk-16.0.1\bin\nio.dll
0x00007ffcb9150000 - 0x00007ffcb9168000 	C:\Program Files\Java\jdk-16.0.1\bin\zip.dll
0x00007ffccb1e0000 - 0x00007ffccb1f0000 	C:\Program Files\Java\jdk-16.0.1\bin\verify.dll
0x00007ffcd0b80000 - 0x00007ffcd0bbb000 	C:\WINDOWS\SYSTEM32\IPHLPAPI.DLL
0x00007ffcd3fe0000 - 0x00007ffcd3fe8000 	C:\WINDOWS\System32\NSI.dll
0x00007ffccafc0000 - 0x00007ffccafd7000 	C:\WINDOWS\SYSTEM32\dhcpcsvc6.DLL
0x00007ffccaf60000 - 0x00007ffccaf7d000 	C:\WINDOWS\SYSTEM32\dhcpcsvc.DLL
0x00007ffcd0bc0000 - 0x00007ffcd0c8c000 	C:\WINDOWS\SYSTEM32\DNSAPI.dll

dbghelp: loaded successfully - version: 4.0.5 - missing functions: none
symbol engine: initialized successfully - sym options: 0x614 - pdb path: .;C:\Program Files\Java\jdk-16.0.1\bin;C:\WINDOWS\SYSTEM32;C:\WINDOWS\WinSxS\amd64_microsoft.windows.common-controls_6595b64144ccf1df_6.0.19041.1110_none_60b5254171f9507e;C:\Program Files\Java\jdk-16.0.1\bin\server

VM Arguments:
jvm_args: -ea -Dfile.encoding=UTF-8 -XX:+ShowCodeDetailsInExceptionMessages 
java_command: org.eclipse.jdt.internal.junit.runner.RemoteTestRunner -version 3 -port 58209 -testLoaderClass org.eclipse.jdt.internal.junit5.runner.JUnit5TestLoader -loaderpluginname org.eclipse.jdt.junit5.runtime -test com.prekes.web.prekesweb.controller.ZmogusRestControllerTest:testZmonesJson
java_class_path (initial): H:\eclipse-workspace\prekes-web-IT\target\test-classes;H:\eclipse-workspace\prekes-web-IT\target\classes;C:\Users\margo\.m2\repository\org\springframework\boot\spring-boot-starter-web\2.5.4\spring-boot-starter-web-2.5.4.jar;C:\Users\margo\.m2\repository\org\springframework\boot\spring-boot-starter\2.5.4\spring-boot-starter-2.5.4.jar;C:\Users\margo\.m2\repository\org\springframework\boot\spring-boot-starter-logging\2.5.4\spring-boot-starter-logging-2.5.4.jar;C:\Users\margo\.m2\repository\ch\qos\logback\logback-classic\1.2.5\logback-classic-1.2.5.jar;C:\Users\margo\.m2\repository\ch\qos\logback\logback-core\1.2.5\logback-core-1.2.5.jar;C:\Users\margo\.m2\repository\org\apache\logging\log4j\log4j-to-slf4j\2.14.1\log4j-to-slf4j-2.14.1.jar;C:\Users\margo\.m2\repository\org\apache\logging\log4j\log4j-api\2.14.1\log4j-api-2.14.1.jar;C:\Users\margo\.m2\repository\org\slf4j\jul-to-slf4j\1.7.32\jul-to-slf4j-1.7.32.jar;C:\Users\margo\.m2\repository\jakarta\annotation\jakarta.annotation-api\1.3.5\jakarta.annotation-api-1.3.5.jar;C:\Users\margo\.m2\repository\org\yaml\snakeyaml\1.28\snakeyaml-1.28.jar;C:\Users\margo\.m2\repository\org\springframework\boot\spring-boot-starter-json\2.5.4\spring-boot-starter-json-2.5.4.jar;C:\Users\margo\.m2\repository\com\fasterxml\jackson\core\jackson-databind\2.12.4\jackson-databind-2.12.4.jar;C:\Users\margo\.m2\repository\com\fasterxml\jackson\core\jackson-core\2.12.4\jackson-core-2.12.4.jar;C:\Users\margo\.m2\repository\com\fasterxml\jackson\datatype\jackson-datatype-jdk8\2.12.4\jackson-datatype-jdk8-2.12.4.jar;C:\Users\margo\.m2\repository\com\fasterxml\jackson\datatype\jackson-datatype-jsr310\2.12.4\jackson-datatype-jsr310-2.12.4.jar;C:\Users\margo\.m2\repository\com\fasterxml\jackson\module\jackson-module-parameter-names\2.12.4\jackson-module-parameter-names-2.12.4.jar;C:\Users\margo\.m2\repository\org\springframework\boot\spring-boot-starter-tomcat\2.5.4\spring-boot-starter-tomcat-2.5.4.jar;C:\Users\margo\.m2\r
Launcher Type: SUN_STANDARD

[Global flags]
     intx CICompilerCount                          = 4                                         {product} {ergonomic}
     uint ConcGCThreads                            = 2                                         {product} {ergonomic}
     uint G1ConcRefinementThreads                  = 8                                         {product} {ergonomic}
   size_t G1HeapRegionSize                         = 2097152                                   {product} {ergonomic}
    uintx GCDrainStackTargetSize                   = 64                                        {product} {ergonomic}
   size_t InitialHeapSize                          = 167772160                                 {product} {ergonomic}
   size_t MarkStackSize                            = 4194304                                   {product} {ergonomic}
   size_t MaxHeapSize                              = 2654994432                                {product} {ergonomic}
   size_t MaxNewSize                               = 1591738368                                {product} {ergonomic}
   size_t MinHeapDeltaBytes                        = 2097152                                   {product} {ergonomic}
   size_t MinHeapSize                              = 8388608                                   {product} {ergonomic}
    uintx NonNMethodCodeHeapSize                   = 5839372                                {pd product} {ergonomic}
    uintx NonProfiledCodeHeapSize                  = 122909434                              {pd product} {ergonomic}
    uintx ProfiledCodeHeapSize                     = 122909434                              {pd product} {ergonomic}
    uintx ReservedCodeCacheSize                    = 251658240                              {pd product} {ergonomic}
     bool SegmentedCodeCache                       = true                                      {product} {ergonomic}
     bool ShowCodeDetailsInExceptionMessages       = true                                   {manageable} {command line}
   size_t SoftMaxHeapSize                          = 2654994432                             {manageable} {ergonomic}
     bool UseCompressedClassPointers               = true                           {product lp64_product} {ergonomic}
     bool UseCompressedOops                        = true                           {product lp64_product} {ergonomic}
     bool UseG1GC                                  = true                                      {product} {ergonomic}
     bool UseLargePagesIndividualAllocation        = false                                  {pd product} {ergonomic}

Logging:
Log output configuration:
 #0: stdout all=warning uptime,level,tags
 #1: stderr all=off uptime,level,tags

Environment Variables:
PATH=C:\Program Files\Common Files\Oracle\Java\javapath;C:\Program Files (x86)\Common Files\Oracle\Java\javapath;C:\ProgramData\Oracle\Java\javapath;C:\WINDOWS\system32;C:\WINDOWS;C:\WINDOWS\System32\Wbem;C:\WINDOWS\System32\WindowsPowerShell\v1.0\;C:\Program Files (x86)\NVIDIA Corporation\PhysX\Common;C:\Program Files (x86)\MySQL\MySQL Utilities 1.4.4\;C:\Program Files (x86)\MySQL\MySQL Utilities 1.4.4\Doctrine extensions for PHP\;C:\WINDOWS\system32;C:\WINDOWS;C:\WINDOWS\System32\Wbem;C:\WINDOWS\System32\WindowsPowerShell\v1.0\;C:\Program Files\Java\jdk1.8.0_31\bin;C:\Program Files (x86)\Microsoft Emulator Manager\1.0\;C:\Program Files (x86)\AOMEI Backupper;C:\Program Files (x86)\CMake\bin;E:\Python27;E:\Python27\Scripts;C:\Users\margo\AppData\Roaming\Python\Scripts;;C:\WINDOWS\System32\OpenSSH\;C:\Program Files\PuTTY\;C:\WINDOWS\system32\config\systemprofile\.dnx\bin;C:\Program Files\Microsoft DNX\Dnvm\;C:\Program Files\Microsoft SQL Server\130\Tools\Binn\;C:\Program Files\nodejs\;C:\Users\margo\AppData\Local\Microsoft\WindowsApps;C:\Users\margo\AppData\Local\Programs\MiKTeX 2.9\miktex\bin\x64\;C:\Users\margo\AppData\Local\Programs\Git\cmd;C:\Users\margo\AppData\Roaming\npm;C:\Users\margo\AppData\Local\Programs\Microsoft VS Code\bin
USERNAME=margo
OS=Windows_NT
PROCESSOR_IDENTIFIER=Intel64 Family 6 Model 60 Stepping 3, GenuineIntel



---------------  S Y S T E M  ---------------

OS:
 Windows 10 , 64 bit Build 19041 (10.0.19041.1202)
OS uptime: 19 days 20:42 hours

CPU: total 8 (initial active 8) (4 cores per cpu, 2 threads per core) family 6 model 60 stepping 3 microcode 0x27, cx8, cmov, fxsr, ht, mmx, sse, sse2, sse3, ssse3, sse4.1, sse4.2, popcnt, lzcnt, tsc, tscinvbit, avx, avx2, aes, erms, clmul, bmi1, bmi2, fma, vzeroupper, clflush

Memory: 4k page, system-wide physical 10120M (2645M free)
TotalPageFile size 11144M (AvailPageFile size 7M)
current process WorkingSet (physical memory assigned to process): 100M, peak: 102M
current process commit charge ("private bytes"): 280M, peak: 282M

vm_info: Java HotSpot(TM) 64-Bit Server VM (16.0.1+9-24) for windows-amd64 JRE (16.0.1+9-24), built on Mar 26 2021 19:31:42 by "mach5one" with MS VC++ 16.7 (VS2019)

END.
